RUN	ar.edu.unq.pdes.todolist.MarkAsDoneSimulation	markasdonesimulation	1562724520029	 	3.1.2
USER	Create user	1	START	1562724521326	1562724521326
REQUEST	1		Create user	1562724521358	1562724521371	KO	status.find.is(200), but actually found 400
USER	Create user	2	START	1562724521444	1562724521444
REQUEST	2		Create user	1562724521445	1562724521455	KO	status.find.is(200), but actually found 400
USER	Create user	3	START	1562724521545	1562724521545
REQUEST	3		Create user	1562724521546	1562724521556	KO	status.find.is(200), but actually found 400
USER	Create user	4	START	1562724521644	1562724521644
REQUEST	4		Create user	1562724521645	1562724521654	KO	status.find.is(200), but actually found 400
USER	Create user	5	START	1562724521745	1562724521745
REQUEST	5		Create user	1562724521746	1562724521770	KO	status.find.is(200), but actually found 400
USER	Create user	6	START	1562724521845	1562724521845
REQUEST	6		Create user	1562724521847	1562724521876	KO	status.find.is(200), but actually found 400
REQUEST	1		Create user	1562724521902	1562724521906	KO	status.find.is(200), but actually found 400
USER	Create user	7	START	1562724521945	1562724521945
REQUEST	7		Create user	1562724521947	1562724521958	KO	status.find.is(200), but actually found 400
REQUEST	2		Create user	1562724521977	1562724521981	KO	status.find.is(200), but actually found 400
USER	Create user	8	START	1562724522045	1562724522045
REQUEST	8		Create user	1562724522047	1562724522076	KO	status.find.is(200), but actually found 400
REQUEST	3		Create user	1562724522076	1562724522081	KO	status.find.is(200), but actually found 400
USER	Create user	9	START	1562724522144	1562724522144
REQUEST	9		Create user	1562724522146	1562724522158	KO	status.find.is(200), but actually found 400
REQUEST	4		Create user	1562724522180	1562724522185	KO	status.find.is(200), but actually found 400
USER	Create user	10	START	1562724522245	1562724522245
REQUEST	10		Create user	1562724522246	1562724522253	KO	status.find.is(200), but actually found 400
REQUEST	5		Create user	1562724522286	1562724522291	KO	status.find.is(200), but actually found 400
USER	Create user	11	START	1562724522345	1562724522345
REQUEST	11		Create user	1562724522347	1562724522361	KO	status.find.is(200), but actually found 400
REQUEST	6		Create user	1562724522398	1562724522403	KO	status.find.is(200), but actually found 400
REQUEST	1		Create user	1562724522406	1562724522410	KO	status.find.is(200), but actually found 400
USER	Create user	12	START	1562724522445	1562724522445
REQUEST	12		Create user	1562724522449	1562724522459	KO	status.find.is(200), but actually found 400
REQUEST	7		Create user	1562724522476	1562724522480	KO	status.find.is(200), but actually found 400
REQUEST	2		Create user	1562724522476	1562724522483	KO	status.find.is(200), but actually found 400
USER	Create user	13	START	1562724522545	1562724522545
REQUEST	13		Create user	1562724522547	1562724522559	KO	status.find.is(200), but actually found 400
REQUEST	3		Create user	1562724522576	1562724522580	KO	status.find.is(200), but actually found 400
REQUEST	8		Create user	1562724522598	1562724522603	KO	status.find.is(200), but actually found 400
USER	Create user	14	START	1562724522645	1562724522645
REQUEST	14		Create user	1562724522647	1562724522656	KO	status.find.is(200), but actually found 400
REQUEST	9		Create user	1562724522679	1562724522686	KO	status.find.is(200), but actually found 400
REQUEST	4		Create user	1562724522685	1562724522690	KO	status.find.is(200), but actually found 400
USER	Create user	15	START	1562724522745	1562724522745
REQUEST	15		Create user	1562724522746	1562724522756	KO	status.find.is(200), but actually found 400
REQUEST	10		Create user	1562724522778	1562724522785	KO	status.find.is(200), but actually found 400
REQUEST	5		Create user	1562724522797	1562724522799	KO	status.find.is(200), but actually found 400
USER	Create user	16	START	1562724522845	1562724522845
REQUEST	16		Create user	1562724522846	1562724522850	KO	status.find.is(200), but actually found 400
REQUEST	11		Create user	1562724522875	1562724522883	KO	status.find.is(200), but actually found 400
REQUEST	6		Create user	1562724522906	1562724522910	KO	status.find.is(200), but actually found 400
REQUEST	1		Create user	1562724522916	1562724522925	KO	status.find.is(200), but actually found 400
USER	Create user	17	START	1562724522944	1562724522944
REQUEST	17		Create user	1562724522946	1562724522954	KO	status.find.is(200), but actually found 400
REQUEST	12		Create user	1562724522977	1562724522981	KO	status.find.is(200), but actually found 400
REQUEST	7		Create user	1562724522987	1562724522992	KO	status.find.is(200), but actually found 400
REQUEST	2		Create user	1562724522997	1562724523003	KO	status.find.is(200), but actually found 400
USER	Create user	18	START	1562724523044	1562724523044
REQUEST	18		Create user	1562724523046	1562724523054	KO	status.find.is(200), but actually found 400
REQUEST	13		Create user	1562724523076	1562724523080	KO	status.find.is(200), but actually found 400
REQUEST	3		Create user	1562724523086	1562724523088	KO	status.find.is(200), but actually found 400
REQUEST	8		Create user	1562724523106	1562724523109	KO	status.find.is(200), but actually found 400
USER	Create user	19	START	1562724523145	1562724523145
REQUEST	19		Create user	1562724523147	1562724523152	KO	status.find.is(200), but actually found 400
REQUEST	14		Create user	1562724523178	1562724523185	KO	status.find.is(200), but actually found 400
REQUEST	4		Create user	1562724523186	1562724523189	KO	status.find.is(200), but actually found 400
REQUEST	9		Create user	1562724523195	1562724523198	KO	status.find.is(200), but actually found 400
USER	Create user	20	START	1562724523245	1562724523245
REQUEST	20		Create user	1562724523246	1562724523252	KO	status.find.is(200), but actually found 400
REQUEST	15		Create user	1562724523275	1562724523281	KO	status.find.is(200), but actually found 400
REQUEST	10		Create user	1562724523285	1562724523290	KO	status.find.is(200), but actually found 400
REQUEST	5		Create user	1562724523296	1562724523300	KO	status.find.is(200), but actually found 400
USER	Create user	21	START	1562724523345	1562724523345
REQUEST	21		Create user	1562724523348	1562724523354	KO	status.find.is(200), but actually found 400
REQUEST	16		Create user	1562724523367	1562724523372	KO	status.find.is(200), but actually found 400
REQUEST	11		Create user	1562724523397	1562724523401	KO	status.find.is(200), but actually found 400
REQUEST	6		Create user	1562724523405	1562724523411	KO	status.find.is(200), but actually found 400
REQUEST	1		Create user	1562724523426	1562724523434	KO	status.find.is(200), but actually found 400
USER	Create user	22	START	1562724523435	1562724523435
REQUEST	22		Create user	1562724523437	1562724523447	KO	status.find.is(200), but actually found 400
REQUEST	17		Create user	1562724523476	1562724523484	KO	status.find.is(200), but actually found 400
REQUEST	12		Create user	1562724523485	1562724523490	KO	status.find.is(200), but actually found 400
REQUEST	7		Create user	1562724523497	1562724523503	KO	status.find.is(200), but actually found 400
REQUEST	2		Create user	1562724523506	1562724523509	KO	status.find.is(200), but actually found 400
USER	Create user	23	START	1562724523535	1562724523535
REQUEST	23		Create user	1562724523535	1562724523538	KO	status.find.is(200), but actually found 400
REQUEST	18		Create user	1562724523575	1562724523579	KO	status.find.is(200), but actually found 400
REQUEST	13		Create user	1562724523585	1562724523593	KO	status.find.is(200), but actually found 400
REQUEST	3		Create user	1562724523595	1562724523600	KO	status.find.is(200), but actually found 400
REQUEST	8		Create user	1562724523606	1562724523610	KO	status.find.is(200), but actually found 400
USER	Create user	24	START	1562724523634	1562724523634
REQUEST	24		Create user	1562724523635	1562724523639	KO	status.find.is(200), but actually found 400
REQUEST	19		Create user	1562724523665	1562724523669	KO	status.find.is(200), but actually found 400
REQUEST	14		Create user	1562724523686	1562724523690	KO	status.find.is(200), but actually found 400
REQUEST	9		Create user	1562724523697	1562724523703	KO	status.find.is(200), but actually found 400
REQUEST	4		Create user	1562724523697	1562724523704	KO	status.find.is(200), but actually found 400
USER	Create user	25	START	1562724523735	1562724523735
REQUEST	25		Create user	1562724523736	1562724523739	KO	status.find.is(200), but actually found 400
REQUEST	20		Create user	1562724523765	1562724523768	KO	status.find.is(200), but actually found 400
REQUEST	10		Create user	1562724523786	1562724523791	KO	status.find.is(200), but actually found 400
REQUEST	15		Create user	1562724523786	1562724523791	KO	status.find.is(200), but actually found 400
REQUEST	5		Create user	1562724523806	1562724523810	KO	status.find.is(200), but actually found 400
USER	Create user	26	START	1562724523835	1562724523835
REQUEST	26		Create user	1562724523837	1562724523845	KO	status.find.is(200), but actually found 400
REQUEST	21		Create user	1562724523876	1562724523885	KO	status.find.is(200), but actually found 400
REQUEST	16		Create user	1562724523876	1562724523886	KO	status.find.is(200), but actually found 400
REQUEST	11		Create user	1562724523896	1562724523901	KO	status.find.is(200), but actually found 400
REQUEST	6		Create user	1562724523916	1562724523920	KO	status.find.is(200), but actually found 400
REQUEST	1		Create user	1562724523926	1562724523930	KO	status.find.is(200), but actually found 400
USER	Create user	27	START	1562724523935	1562724523935
REQUEST	27		Create user	1562724523937	1562724523946	KO	status.find.is(200), but actually found 400
REQUEST	22		Create user	1562724523966	1562724523970	KO	status.find.is(200), but actually found 400
REQUEST	12		Create user	1562724523986	1562724523989	KO	status.find.is(200), but actually found 400
REQUEST	17		Create user	1562724523986	1562724523989	KO	status.find.is(200), but actually found 400
REQUEST	7		Create user	1562724523994	1562724523996	KO	status.find.is(200), but actually found 400
REQUEST	2		Create user	1562724524007	1562724524011	KO	status.find.is(200), but actually found 400
USER	Create user	28	START	1562724524034	1562724524034
REQUEST	28		Create user	1562724524035	1562724524038	KO	status.find.is(200), but actually found 400
REQUEST	23		Create user	1562724524055	1562724524056	KO	status.find.is(200), but actually found 400
REQUEST	18		Create user	1562724524075	1562724524077	KO	status.find.is(200), but actually found 400
REQUEST	13		Create user	1562724524086	1562724524088	KO	status.find.is(200), but actually found 400
REQUEST	3		Create user	1562724524095	1562724524100	KO	status.find.is(200), but actually found 400
REQUEST	8		Create user	1562724524115	1562724524118	KO	status.find.is(200), but actually found 400
USER	Create user	29	START	1562724524135	1562724524135
REQUEST	29		Create user	1562724524136	1562724524140	KO	status.find.is(200), but actually found 400
REQUEST	24		Create user	1562724524156	1562724524159	KO	status.find.is(200), but actually found 400
REQUEST	19		Create user	1562724524175	1562724524180	KO	status.find.is(200), but actually found 400
REQUEST	4		Create user	1562724524197	1562724524205	KO	status.find.is(200), but actually found 400
REQUEST	14		Create user	1562724524197	1562724524205	KO	status.find.is(200), but actually found 400
REQUEST	9		Create user	1562724524197	1562724524205	KO	status.find.is(200), but actually found 400
USER	Create user	30	START	1562724524234	1562724524234
REQUEST	30		Create user	1562724524235	1562724524239	KO	status.find.is(200), but actually found 400
REQUEST	25		Create user	1562724524255	1562724524261	KO	status.find.is(200), but actually found 400
REQUEST	20		Create user	1562724524276	1562724524278	KO	status.find.is(200), but actually found 400
REQUEST	15		Create user	1562724524285	1562724524287	KO	status.find.is(200), but actually found 400
REQUEST	10		Create user	1562724524296	1562724524299	KO	status.find.is(200), but actually found 400
REQUEST	5		Create user	1562724524306	1562724524308	KO	status.find.is(200), but actually found 400
USER	Create user	31	START	1562724524335	1562724524335
REQUEST	31		Create user	1562724524336	1562724524342	KO	status.find.is(200), but actually found 400
REQUEST	26		Create user	1562724524365	1562724524368	KO	status.find.is(200), but actually found 400
REQUEST	21		Create user	1562724524386	1562724524387	KO	status.find.is(200), but actually found 400
REQUEST	16		Create user	1562724524396	1562724524401	KO	status.find.is(200), but actually found 400
REQUEST	11		Create user	1562724524396	1562724524401	KO	status.find.is(200), but actually found 400
REQUEST	6		Create user	1562724524416	1562724524424	KO	status.find.is(200), but actually found 400
USER	Create user	32	START	1562724524434	1562724524434
REQUEST	1		Create user	1562724524436	1562724524441	KO	status.find.is(200), but actually found 400
REQUEST	32		Create user	1562724524436	1562724524444	KO	status.find.is(200), but actually found 400
REQUEST	27		Create user	1562724524466	1562724524469	KO	status.find.is(200), but actually found 400
REQUEST	22		Create user	1562724524475	1562724524478	KO	status.find.is(200), but actually found 400
REQUEST	17		Create user	1562724524485	1562724524488	KO	status.find.is(200), but actually found 400
REQUEST	12		Create user	1562724524496	1562724524500	KO	status.find.is(200), but actually found 400
REQUEST	7		Create user	1562724524505	1562724524507	KO	status.find.is(200), but actually found 400
REQUEST	2		Create user	1562724524516	1562724524519	KO	status.find.is(200), but actually found 400
USER	Create user	33	START	1562724524534	1562724524534
REQUEST	33		Create user	1562724524535	1562724524540	KO	status.find.is(200), but actually found 400
REQUEST	28		Create user	1562724524556	1562724524558	KO	status.find.is(200), but actually found 400
REQUEST	23		Create user	1562724524565	1562724524568	KO	status.find.is(200), but actually found 400
REQUEST	18		Create user	1562724524586	1562724524589	KO	status.find.is(200), but actually found 400
REQUEST	13		Create user	1562724524596	1562724524600	KO	status.find.is(200), but actually found 400
REQUEST	3		Create user	1562724524605	1562724524608	KO	status.find.is(200), but actually found 400
REQUEST	8		Create user	1562724524615	1562724524618	KO	status.find.is(200), but actually found 400
USER	Create user	34	START	1562724524634	1562724524634
REQUEST	34		Create user	1562724524635	1562724524641	KO	status.find.is(200), but actually found 400
REQUEST	29		Create user	1562724524655	1562724524659	KO	status.find.is(200), but actually found 400
REQUEST	24		Create user	1562724524666	1562724524669	KO	status.find.is(200), but actually found 400
REQUEST	19		Create user	1562724524676	1562724524684	KO	status.find.is(200), but actually found 400
REQUEST	14		Create user	1562724524707	1562724524711	KO	status.find.is(200), but actually found 400
REQUEST	9		Create user	1562724524714	1562724524717	KO	status.find.is(200), but actually found 400
REQUEST	4		Create user	1562724524714	1562724524717	KO	status.find.is(200), but actually found 400
USER	Create user	35	START	1562724524735	1562724524735
REQUEST	35		Create user	1562724524738	1562724524742	KO	status.find.is(200), but actually found 400
REQUEST	30		Create user	1562724524755	1562724524757	KO	status.find.is(200), but actually found 400
REQUEST	25		Create user	1562724524765	1562724524770	KO	status.find.is(200), but actually found 400
REQUEST	20		Create user	1562724524786	1562724524790	KO	status.find.is(200), but actually found 400
REQUEST	15		Create user	1562724524796	1562724524800	KO	status.find.is(200), but actually found 400
REQUEST	10		Create user	1562724524806	1562724524811	KO	status.find.is(200), but actually found 400
REQUEST	5		Create user	1562724524816	1562724524820	KO	status.find.is(200), but actually found 400
USER	Create user	36	START	1562724524834	1562724524834
REQUEST	36		Create user	1562724524836	1562724524847	KO	status.find.is(200), but actually found 400
REQUEST	31		Create user	1562724524856	1562724524862	KO	status.find.is(200), but actually found 400
REQUEST	26		Create user	1562724524866	1562724524871	KO	status.find.is(200), but actually found 400
REQUEST	21		Create user	1562724524885	1562724524890	KO	status.find.is(200), but actually found 400
REQUEST	16		Create user	1562724524896	1562724524900	KO	status.find.is(200), but actually found 400
REQUEST	11		Create user	1562724524906	1562724524910	KO	status.find.is(200), but actually found 400
USER	Create user	37	START	1562724524935	1562724524935
REQUEST	6		Create user	1562724524935	1562724524937	KO	status.find.is(200), but actually found 400
REQUEST	1		Create user	1562724524935	1562724524937	KO	status.find.is(200), but actually found 400
REQUEST	37		Create user	1562724524935	1562724524939	KO	status.find.is(200), but actually found 400
REQUEST	27		Create user	1562724524965	1562724524967	KO	status.find.is(200), but actually found 400
REQUEST	32		Create user	1562724524965	1562724524967	KO	status.find.is(200), but actually found 400
REQUEST	22		Create user	1562724524974	1562724524976	KO	status.find.is(200), but actually found 400
REQUEST	17		Create user	1562724524996	1562724525000	KO	status.find.is(200), but actually found 400
REQUEST	12		Create user	1562724524996	1562724525000	KO	status.find.is(200), but actually found 400
REQUEST	7		Create user	1562724525004	1562724525006	KO	status.find.is(200), but actually found 400
REQUEST	2		Create user	1562724525015	1562724525016	KO	status.find.is(200), but actually found 400
USER	Create user	38	START	1562724525035	1562724525035
REQUEST	38		Create user	1562724525036	1562724525041	KO	status.find.is(200), but actually found 400
REQUEST	33		Create user	1562724525055	1562724525060	KO	status.find.is(200), but actually found 400
REQUEST	28		Create user	1562724525067	1562724525075	KO	status.find.is(200), but actually found 400
REQUEST	23		Create user	1562724525067	1562724525076	KO	status.find.is(200), but actually found 400
REQUEST	18		Create user	1562724525085	1562724525090	KO	status.find.is(200), but actually found 400
REQUEST	13		Create user	1562724525105	1562724525107	KO	status.find.is(200), but actually found 400
REQUEST	3		Create user	1562724525105	1562724525108	KO	status.find.is(200), but actually found 400
REQUEST	8		Create user	1562724525125	1562724525127	KO	status.find.is(200), but actually found 400
USER	Create user	39	START	1562724525135	1562724525135
REQUEST	39		Create user	1562724525135	1562724525137	KO	status.find.is(200), but actually found 400
REQUEST	29		Create user	1562724525165	1562724525169	KO	status.find.is(200), but actually found 400
REQUEST	34		Create user	1562724525165	1562724525169	KO	status.find.is(200), but actually found 400
REQUEST	24		Create user	1562724525165	1562724525169	KO	status.find.is(200), but actually found 400
REQUEST	19		Create user	1562724525196	1562724525201	KO	status.find.is(200), but actually found 400
REQUEST	14		Create user	1562724525206	1562724525210	KO	status.find.is(200), but actually found 400
REQUEST	9		Create user	1562724525215	1562724525219	KO	status.find.is(200), but actually found 400
REQUEST	4		Create user	1562724525215	1562724525222	KO	status.find.is(200), but actually found 400
USER	Create user	40	START	1562724525235	1562724525235
REQUEST	40		Create user	1562724525235	1562724525239	KO	status.find.is(200), but actually found 400
REQUEST	35		Create user	1562724525255	1562724525258	KO	status.find.is(200), but actually found 400
REQUEST	30		Create user	1562724525265	1562724525269	KO	status.find.is(200), but actually found 400
REQUEST	25		Create user	1562724525265	1562724525270	KO	status.find.is(200), but actually found 400
REQUEST	20		Create user	1562724525286	1562724525289	KO	status.find.is(200), but actually found 400
REQUEST	15		Create user	1562724525296	1562724525301	KO	status.find.is(200), but actually found 400
REQUEST	10		Create user	1562724525305	1562724525308	KO	status.find.is(200), but actually found 400
REQUEST	5		Create user	1562724525317	1562724525320	KO	status.find.is(200), but actually found 400
USER	Create user	41	START	1562724525335	1562724525335
REQUEST	41		Create user	1562724525336	1562724525339	KO	status.find.is(200), but actually found 400
REQUEST	31		Create user	1562724525365	1562724525369	KO	status.find.is(200), but actually found 400
REQUEST	36		Create user	1562724525365	1562724525369	KO	status.find.is(200), but actually found 400
REQUEST	26		Create user	1562724525375	1562724525379	KO	status.find.is(200), but actually found 400
REQUEST	21		Create user	1562724525396	1562724525400	KO	status.find.is(200), but actually found 400
REQUEST	16		Create user	1562724525396	1562724525404	KO	status.find.is(200), but actually found 400
REQUEST	11		Create user	1562724525416	1562724525420	KO	status.find.is(200), but actually found 400
REQUEST	6		Create user	1562724525435	1562724525438	KO	status.find.is(200), but actually found 400
USER	Create user	42	START	1562724525445	1562724525445
REQUEST	1		Create user	1562724525447	1562724525452	KO	status.find.is(200), but actually found 400
REQUEST	42		Create user	1562724525447	1562724525454	KO	status.find.is(200), but actually found 400
REQUEST	37		Create user	1562724525455	1562724525458	KO	status.find.is(200), but actually found 400
REQUEST	32		Create user	1562724525465	1562724525469	KO	status.find.is(200), but actually found 400
REQUEST	27		Create user	1562724525475	1562724525478	KO	status.find.is(200), but actually found 400
REQUEST	22		Create user	1562724525485	1562724525487	KO	status.find.is(200), but actually found 400
REQUEST	17		Create user	1562724525495	1562724525497	KO	status.find.is(200), but actually found 400
REQUEST	12		Create user	1562724525505	1562724525511	KO	status.find.is(200), but actually found 400
REQUEST	7		Create user	1562724525505	1562724525511	KO	status.find.is(200), but actually found 400
REQUEST	2		Create user	1562724525515	1562724525516	KO	status.find.is(200), but actually found 400
USER	Create user	43	START	1562724525545	1562724525545
REQUEST	43		Create user	1562724525546	1562724525548	KO	status.find.is(200), but actually found 400
REQUEST	38		Create user	1562724525555	1562724525557	KO	status.find.is(200), but actually found 400
REQUEST	33		Create user	1562724525565	1562724525569	KO	status.find.is(200), but actually found 400
REQUEST	28		Create user	1562724525577	1562724525584	KO	status.find.is(200), but actually found 400
REQUEST	23		Create user	1562724525577	1562724525584	KO	status.find.is(200), but actually found 400
REQUEST	18		Create user	1562724525585	1562724525589	KO	status.find.is(200), but actually found 400
REQUEST	13		Create user	1562724525605	1562724525610	KO	status.find.is(200), but actually found 400
REQUEST	3		Create user	1562724525605	1562724525611	KO	status.find.is(200), but actually found 400
REQUEST	8		Create user	1562724525626	1562724525629	KO	status.find.is(200), but actually found 400
USER	Create user	44	START	1562724525644	1562724525644
REQUEST	44		Create user	1562724525647	1562724525660	KO	status.find.is(200), but actually found 400
REQUEST	39		Create user	1562724525655	1562724525664	KO	status.find.is(200), but actually found 400
REQUEST	29		Create user	1562724525666	1562724525669	KO	status.find.is(200), but actually found 400
REQUEST	34		Create user	1562724525666	1562724525672	KO	status.find.is(200), but actually found 400
REQUEST	24		Create user	1562724525675	1562724525679	KO	status.find.is(200), but actually found 400
REQUEST	19		Create user	1562724525695	1562724525698	KO	status.find.is(200), but actually found 400
REQUEST	9		Create user	1562724525715	1562724525719	KO	status.find.is(200), but actually found 400
REQUEST	14		Create user	1562724525715	1562724525718	KO	status.find.is(200), but actually found 400
REQUEST	4		Create user	1562724525725	1562724525728	KO	status.find.is(200), but actually found 400
USER	Create user	45	START	1562724525744	1562724525744
REQUEST	45		Create user	1562724525746	1562724525752	KO	status.find.is(200), but actually found 400
REQUEST	40		Create user	1562724525755	1562724525759	KO	status.find.is(200), but actually found 400
REQUEST	30		Create user	1562724525767	1562724525774	KO	status.find.is(200), but actually found 400
REQUEST	35		Create user	1562724525767	1562724525774	KO	status.find.is(200), but actually found 400
REQUEST	25		Create user	1562724525775	1562724525780	KO	status.find.is(200), but actually found 400
REQUEST	20		Create user	1562724525785	1562724525789	KO	status.find.is(200), but actually found 400
REQUEST	15		Create user	1562724525806	1562724525809	KO	status.find.is(200), but actually found 400
REQUEST	10		Create user	1562724525815	1562724525819	KO	status.find.is(200), but actually found 400
REQUEST	5		Create user	1562724525825	1562724525828	KO	status.find.is(200), but actually found 400
USER	Create user	46	START	1562724525846	1562724525846
REQUEST	46		Create user	1562724525849	1562724525855	KO	status.find.is(200), but actually found 400
REQUEST	41		Create user	1562724525855	1562724525859	KO	status.find.is(200), but actually found 400
REQUEST	26		Create user	1562724525875	1562724525879	KO	status.find.is(200), but actually found 400
REQUEST	36		Create user	1562724525875	1562724525887	KO	status.find.is(200), but actually found 400
REQUEST	31		Create user	1562724525875	1562724525887	KO	status.find.is(200), but actually found 400
REQUEST	21		Create user	1562724525895	1562724525900	KO	status.find.is(200), but actually found 400
REQUEST	16		Create user	1562724525916	1562724525921	KO	status.find.is(200), but actually found 400
REQUEST	11		Create user	1562724525916	1562724525922	KO	status.find.is(200), but actually found 400
REQUEST	6		Create user	1562724525935	1562724525939	KO	status.find.is(200), but actually found 400
USER	Create user	47	START	1562724525945	1562724525945
REQUEST	1		Create user	1562724525946	1562724525952	KO	status.find.is(200), but actually found 400
REQUEST	47		Create user	1562724525947	1562724525956	KO	status.find.is(200), but actually found 400
REQUEST	37		Create user	1562724525965	1562724525968	KO	status.find.is(200), but actually found 400
REQUEST	27		Create user	1562724525975	1562724525981	KO	status.find.is(200), but actually found 400
REQUEST	32		Create user	1562724525975	1562724525981	KO	status.find.is(200), but actually found 400
REQUEST	42		Create user	1562724525975	1562724525981	KO	status.find.is(200), but actually found 400
REQUEST	22		Create user	1562724525985	1562724525988	KO	status.find.is(200), but actually found 400
REQUEST	17		Create user	1562724525996	1562724526000	KO	status.find.is(200), but actually found 400
REQUEST	12		Create user	1562724526015	1562724526020	KO	status.find.is(200), but actually found 400
REQUEST	2		Create user	1562724526015	1562724526020	KO	status.find.is(200), but actually found 400
REQUEST	7		Create user	1562724526015	1562724526020	KO	status.find.is(200), but actually found 400
USER	Create user	48	START	1562724526045	1562724526045
REQUEST	48		Create user	1562724526046	1562724526050	KO	status.find.is(200), but actually found 400
REQUEST	43		Create user	1562724526066	1562724526071	KO	status.find.is(200), but actually found 400
REQUEST	38		Create user	1562724526066	1562724526071	KO	status.find.is(200), but actually found 400
REQUEST	33		Create user	1562724526075	1562724526078	KO	status.find.is(200), but actually found 400
REQUEST	23		Create user	1562724526086	1562724526090	KO	status.find.is(200), but actually found 400
REQUEST	28		Create user	1562724526086	1562724526090	KO	status.find.is(200), but actually found 400
REQUEST	18		Create user	1562724526096	1562724526102	KO	status.find.is(200), but actually found 400
REQUEST	13		Create user	1562724526105	1562724526107	KO	status.find.is(200), but actually found 400
REQUEST	3		Create user	1562724526115	1562724526118	KO	status.find.is(200), but actually found 400
REQUEST	8		Create user	1562724526125	1562724526132	KO	status.find.is(200), but actually found 400
USER	Create user	49	START	1562724526144	1562724526144
REQUEST	49		Create user	1562724526145	1562724526147	KO	status.find.is(200), but actually found 400
REQUEST	34		Create user	1562724526166	1562724526167	KO	status.find.is(200), but actually found 400
REQUEST	39		Create user	1562724526175	1562724526178	KO	status.find.is(200), but actually found 400
REQUEST	44		Create user	1562724526175	1562724526178	KO	status.find.is(200), but actually found 400
REQUEST	24		Create user	1562724526175	1562724526178	KO	status.find.is(200), but actually found 400
REQUEST	29		Create user	1562724526175	1562724526179	KO	status.find.is(200), but actually found 400
REQUEST	19		Create user	1562724526205	1562724526206	KO	status.find.is(200), but actually found 400
REQUEST	14		Create user	1562724526215	1562724526217	KO	status.find.is(200), but actually found 400
REQUEST	9		Create user	1562724526225	1562724526228	KO	status.find.is(200), but actually found 400
REQUEST	4		Create user	1562724526225	1562724526227	KO	status.find.is(200), but actually found 400
USER	Create user	50	START	1562724526245	1562724526245
REQUEST	50		Create user	1562724526246	1562724526249	KO	status.find.is(200), but actually found 400
REQUEST	40		Create user	1562724526265	1562724526268	KO	status.find.is(200), but actually found 400
REQUEST	45		Create user	1562724526265	1562724526268	KO	status.find.is(200), but actually found 400
REQUEST	35		Create user	1562724526275	1562724526277	KO	status.find.is(200), but actually found 400
REQUEST	25		Create user	1562724526286	1562724526288	KO	status.find.is(200), but actually found 400
REQUEST	30		Create user	1562724526286	1562724526288	KO	status.find.is(200), but actually found 400
REQUEST	20		Create user	1562724526296	1562724526300	KO	status.find.is(200), but actually found 400
REQUEST	15		Create user	1562724526305	1562724526307	KO	status.find.is(200), but actually found 400
REQUEST	10		Create user	1562724526316	1562724526320	KO	status.find.is(200), but actually found 400
REQUEST	5		Create user	1562724526325	1562724526330	KO	status.find.is(200), but actually found 400
REQUEST	41		Create user	1562724526365	1562724526369	KO	status.find.is(200), but actually found 400
REQUEST	46		Create user	1562724526375	1562724526378	KO	status.find.is(200), but actually found 400
REQUEST	31		Create user	1562724526386	1562724526392	KO	status.find.is(200), but actually found 400
REQUEST	36		Create user	1562724526386	1562724526392	KO	status.find.is(200), but actually found 400
REQUEST	26		Create user	1562724526386	1562724526392	KO	status.find.is(200), but actually found 400
REQUEST	21		Create user	1562724526405	1562724526408	KO	status.find.is(200), but actually found 400
REQUEST	16		Create user	1562724526415	1562724526419	KO	status.find.is(200), but actually found 400
REQUEST	11		Create user	1562724526425	1562724526428	KO	status.find.is(200), but actually found 400
REQUEST	6		Create user	1562724526435	1562724526439	KO	status.find.is(200), but actually found 400
USER	Create user	1	END	1562724521326	1562724526459
REQUEST	37		Create user	1562724526465	1562724526469	KO	status.find.is(200), but actually found 400
REQUEST	47		Create user	1562724526476	1562724526482	KO	status.find.is(200), but actually found 400
REQUEST	42		Create user	1562724526476	1562724526481	KO	status.find.is(200), but actually found 400
REQUEST	32		Create user	1562724526476	1562724526485	KO	status.find.is(200), but actually found 400
REQUEST	27		Create user	1562724526486	1562724526491	KO	status.find.is(200), but actually found 400
REQUEST	22		Create user	1562724526486	1562724526491	KO	status.find.is(200), but actually found 400
REQUEST	17		Create user	1562724526505	1562724526509	KO	status.find.is(200), but actually found 400
REQUEST	7		Create user	1562724526517	1562724526523	KO	status.find.is(200), but actually found 400
REQUEST	12		Create user	1562724526517	1562724526523	KO	status.find.is(200), but actually found 400
USER	Create user	2	END	1562724521444	1562724526525
REQUEST	48		Create user	1562724526566	1562724526571	KO	status.find.is(200), but actually found 400
REQUEST	38		Create user	1562724526566	1562724526571	KO	status.find.is(200), but actually found 400
REQUEST	43		Create user	1562724526576	1562724526583	KO	status.find.is(200), but actually found 400
REQUEST	33		Create user	1562724526576	1562724526583	KO	status.find.is(200), but actually found 400
REQUEST	28		Create user	1562724526586	1562724526594	KO	status.find.is(200), but actually found 400
REQUEST	23		Create user	1562724526586	1562724526594	KO	status.find.is(200), but actually found 400
REQUEST	18		Create user	1562724526605	1562724526608	KO	status.find.is(200), but actually found 400
USER	Create user	3	END	1562724521545	1562724526616
REQUEST	13		Create user	1562724526616	1562724526619	KO	status.find.is(200), but actually found 400
REQUEST	8		Create user	1562724526645	1562724526651	KO	status.find.is(200), but actually found 400
REQUEST	49		Create user	1562724526665	1562724526669	KO	status.find.is(200), but actually found 400
REQUEST	39		Create user	1562724526677	1562724526685	KO	status.find.is(200), but actually found 400
REQUEST	29		Create user	1562724526677	1562724526686	KO	status.find.is(200), but actually found 400
REQUEST	34		Create user	1562724526677	1562724526686	KO	status.find.is(200), but actually found 400
REQUEST	24		Create user	1562724526685	1562724526691	KO	status.find.is(200), but actually found 400
REQUEST	44		Create user	1562724526685	1562724526692	KO	status.find.is(200), but actually found 400
REQUEST	19		Create user	1562724526706	1562724526709	KO	status.find.is(200), but actually found 400
USER	Create user	4	END	1562724521644	1562724526725
REQUEST	14		Create user	1562724526725	1562724526728	KO	status.find.is(200), but actually found 400
REQUEST	9		Create user	1562724526725	1562724526730	KO	status.find.is(200), but actually found 400
REQUEST	50		Create user	1562724526765	1562724526772	KO	status.find.is(200), but actually found 400
REQUEST	40		Create user	1562724526765	1562724526772	KO	status.find.is(200), but actually found 400
REQUEST	35		Create user	1562724526775	1562724526777	KO	status.find.is(200), but actually found 400
REQUEST	30		Create user	1562724526775	1562724526777	KO	status.find.is(200), but actually found 400
REQUEST	45		Create user	1562724526775	1562724526778	KO	status.find.is(200), but actually found 400
REQUEST	25		Create user	1562724526785	1562724526788	KO	status.find.is(200), but actually found 400
REQUEST	20		Create user	1562724526795	1562724526800	KO	status.find.is(200), but actually found 400
REQUEST	15		Create user	1562724526815	1562724526818	KO	status.find.is(200), but actually found 400
REQUEST	10		Create user	1562724526825	1562724526828	KO	status.find.is(200), but actually found 400
USER	Create user	5	END	1562724521745	1562724526835
REQUEST	41		Create user	1562724526868	1562724526872	KO	status.find.is(200), but actually found 400
REQUEST	46		Create user	1562724526875	1562724526880	KO	status.find.is(200), but actually found 400
REQUEST	36		Create user	1562724526885	1562724526890	KO	status.find.is(200), but actually found 400
REQUEST	26		Create user	1562724526885	1562724526890	KO	status.find.is(200), but actually found 400
REQUEST	31		Create user	1562724526895	1562724526897	KO	status.find.is(200), but actually found 400
REQUEST	21		Create user	1562724526905	1562724526907	KO	status.find.is(200), but actually found 400
REQUEST	11		Create user	1562724526925	1562724526930	KO	status.find.is(200), but actually found 400
REQUEST	16		Create user	1562724526925	1562724526930	KO	status.find.is(200), but actually found 400
USER	Create user	6	END	1562724521845	1562724526945
REQUEST	37		Create user	1562724526975	1562724526981	KO	status.find.is(200), but actually found 400
REQUEST	47		Create user	1562724526975	1562724526981	KO	status.find.is(200), but actually found 400
REQUEST	22		Create user	1562724526985	1562724526990	KO	status.find.is(200), but actually found 400
REQUEST	27		Create user	1562724526985	1562724526990	KO	status.find.is(200), but actually found 400
REQUEST	42		Create user	1562724526985	1562724526993	KO	status.find.is(200), but actually found 400
REQUEST	32		Create user	1562724526995	1562724526999	KO	status.find.is(200), but actually found 400
REQUEST	17		Create user	1562724527006	1562724527010	KO	status.find.is(200), but actually found 400
USER	Create user	7	END	1562724521945	1562724527025
REQUEST	12		Create user	1562724527025	1562724527029	KO	status.find.is(200), but actually found 400
REQUEST	38		Create user	1562724527075	1562724527087	KO	status.find.is(200), but actually found 400
REQUEST	48		Create user	1562724527075	1562724527087	KO	status.find.is(200), but actually found 400
REQUEST	33		Create user	1562724527075	1562724527088	KO	status.find.is(200), but actually found 400
REQUEST	43		Create user	1562724527076	1562724527093	KO	status.find.is(200), but actually found 400
REQUEST	28		Create user	1562724527096	1562724527100	KO	status.find.is(200), but actually found 400
REQUEST	23		Create user	1562724527105	1562724527111	KO	status.find.is(200), but actually found 400
REQUEST	18		Create user	1562724527105	1562724527111	KO	status.find.is(200), but actually found 400
REQUEST	13		Create user	1562724527115	1562724527118	KO	status.find.is(200), but actually found 400
USER	Create user	8	END	1562724522045	1562724527145
REQUEST	49		Create user	1562724527175	1562724527176	KO	status.find.is(200), but actually found 400
REQUEST	24		Create user	1562724527185	1562724527188	KO	status.find.is(200), but actually found 400
REQUEST	39		Create user	1562724527185	1562724527188	KO	status.find.is(200), but actually found 400
REQUEST	34		Create user	1562724527185	1562724527192	KO	status.find.is(200), but actually found 400
REQUEST	44		Create user	1562724527185	1562724527193	KO	status.find.is(200), but actually found 400
REQUEST	29		Create user	1562724527195	1562724527199	KO	status.find.is(200), but actually found 400
REQUEST	19		Create user	1562724527205	1562724527208	KO	status.find.is(200), but actually found 400
USER	Create user	9	END	1562724522144	1562724527224
REQUEST	14		Create user	1562724527225	1562724527229	KO	status.find.is(200), but actually found 400
REQUEST	40		Create user	1562724527276	1562724527279	KO	status.find.is(200), but actually found 400
REQUEST	50		Create user	1562724527276	1562724527281	KO	status.find.is(200), but actually found 400
REQUEST	25		Create user	1562724527285	1562724527293	KO	status.find.is(200), but actually found 400
REQUEST	35		Create user	1562724527285	1562724527293	KO	status.find.is(200), but actually found 400
REQUEST	30		Create user	1562724527285	1562724527294	KO	status.find.is(200), but actually found 400
REQUEST	45		Create user	1562724527285	1562724527294	KO	status.find.is(200), but actually found 400
REQUEST	20		Create user	1562724527295	1562724527300	KO	status.find.is(200), but actually found 400
REQUEST	15		Create user	1562724527315	1562724527319	KO	status.find.is(200), but actually found 400
USER	Create user	10	END	1562724522245	1562724527325
REQUEST	41		Create user	1562724527376	1562724527379	KO	status.find.is(200), but actually found 400
REQUEST	46		Create user	1562724527385	1562724527391	KO	status.find.is(200), but actually found 400
REQUEST	36		Create user	1562724527395	1562724527406	KO	status.find.is(200), but actually found 400
REQUEST	31		Create user	1562724527395	1562724527407	KO	status.find.is(200), but actually found 400
REQUEST	26		Create user	1562724527395	1562724527407	KO	status.find.is(200), but actually found 400
REQUEST	21		Create user	1562724527415	1562724527418	KO	status.find.is(200), but actually found 400
REQUEST	16		Create user	1562724527425	1562724527428	KO	status.find.is(200), but actually found 400
USER	Create user	11	END	1562724522345	1562724527435
REQUEST	37		Create user	1562724527476	1562724527479	KO	status.find.is(200), but actually found 400
REQUEST	47		Create user	1562724527485	1562724527489	KO	status.find.is(200), but actually found 400
REQUEST	42		Create user	1562724527496	1562724527506	KO	status.find.is(200), but actually found 400
REQUEST	32		Create user	1562724527496	1562724527506	KO	status.find.is(200), but actually found 400
REQUEST	27		Create user	1562724527496	1562724527507	KO	status.find.is(200), but actually found 400
REQUEST	22		Create user	1562724527496	1562724527507	KO	status.find.is(200), but actually found 400
REQUEST	17		Create user	1562724527505	1562724527510	KO	status.find.is(200), but actually found 400
USER	Create user	12	END	1562724522445	1562724527525
REQUEST	38		Create user	1562724527585	1562724527590	KO	status.find.is(200), but actually found 400
REQUEST	48		Create user	1562724527585	1562724527590	KO	status.find.is(200), but actually found 400
REQUEST	28		Create user	1562724527595	1562724527602	KO	status.find.is(200), but actually found 400
REQUEST	43		Create user	1562724527595	1562724527601	KO	status.find.is(200), but actually found 400
REQUEST	33		Create user	1562724527595	1562724527601	KO	status.find.is(200), but actually found 400
REQUEST	23		Create user	1562724527605	1562724527608	KO	status.find.is(200), but actually found 400
REQUEST	18		Create user	1562724527616	1562724527622	KO	status.find.is(200), but actually found 400
USER	Create user	13	END	1562724522545	1562724527625
REQUEST	49		Create user	1562724527675	1562724527679	KO	status.find.is(200), but actually found 400
REQUEST	39		Create user	1562724527686	1562724527692	KO	status.find.is(200), but actually found 400
REQUEST	34		Create user	1562724527685	1562724527693	KO	status.find.is(200), but actually found 400
REQUEST	44		Create user	1562724527694	1562724527703	KO	status.find.is(200), but actually found 400
REQUEST	29		Create user	1562724527694	1562724527704	KO	status.find.is(200), but actually found 400
REQUEST	24		Create user	1562724527694	1562724527703	KO	status.find.is(200), but actually found 400
REQUEST	19		Create user	1562724527715	1562724527719	KO	status.find.is(200), but actually found 400
USER	Create user	14	END	1562724522645	1562724527725
REQUEST	40		Create user	1562724527775	1562724527778	KO	status.find.is(200), but actually found 400
REQUEST	50		Create user	1562724527775	1562724527780	KO	status.find.is(200), but actually found 400
REQUEST	35		Create user	1562724527786	1562724527790	KO	status.find.is(200), but actually found 400
REQUEST	30		Create user	1562724527786	1562724527793	KO	status.find.is(200), but actually found 400
REQUEST	45		Create user	1562724527795	1562724527799	KO	status.find.is(200), but actually found 400
REQUEST	25		Create user	1562724527795	1562724527799	KO	status.find.is(200), but actually found 400
REQUEST	20		Create user	1562724527805	1562724527807	KO	status.find.is(200), but actually found 400
USER	Create user	15	END	1562724522745	1562724527816
REQUEST	41		Create user	1562724527875	1562724527879	KO	status.find.is(200), but actually found 400
REQUEST	46		Create user	1562724527885	1562724527889	KO	status.find.is(200), but actually found 400
REQUEST	36		Create user	1562724527916	1562724527924	KO	status.find.is(200), but actually found 400
REQUEST	21		Create user	1562724527916	1562724527924	KO	status.find.is(200), but actually found 400
REQUEST	31		Create user	1562724527916	1562724527924	KO	status.find.is(200), but actually found 400
REQUEST	26		Create user	1562724527916	1562724527924	KO	status.find.is(200), but actually found 400
USER	Create user	16	END	1562724522845	1562724527935
REQUEST	37		Create user	1562724527985	1562724527989	KO	status.find.is(200), but actually found 400
REQUEST	47		Create user	1562724527996	1562724528000	KO	status.find.is(200), but actually found 400
USER	Create user	17	END	1562724522944	1562724528015
REQUEST	22		Create user	1562724528005	1562724528018	KO	status.find.is(200), but actually found 400
REQUEST	27		Create user	1562724528005	1562724528020	KO	status.find.is(200), but actually found 400
REQUEST	32		Create user	1562724528005	1562724528020	KO	status.find.is(200), but actually found 400
REQUEST	42		Create user	1562724528005	1562724528021	KO	status.find.is(200), but actually found 400
REQUEST	38		Create user	1562724528095	1562724528100	KO	status.find.is(200), but actually found 400
REQUEST	48		Create user	1562724528095	1562724528101	KO	status.find.is(200), but actually found 400
REQUEST	33		Create user	1562724528105	1562724528113	KO	status.find.is(200), but actually found 400
REQUEST	23		Create user	1562724528105	1562724528113	KO	status.find.is(200), but actually found 400
REQUEST	28		Create user	1562724528105	1562724528114	KO	status.find.is(200), but actually found 400
REQUEST	43		Create user	1562724528105	1562724528114	KO	status.find.is(200), but actually found 400
USER	Create user	18	END	1562724523044	1562724528115
REQUEST	49		Create user	1562724528175	1562724528178	KO	status.find.is(200), but actually found 400
REQUEST	39		Create user	1562724528186	1562724528189	KO	status.find.is(200), but actually found 400
USER	Create user	19	END	1562724523145	1562724528215
REQUEST	24		Create user	1562724528205	1562724528217	KO	status.find.is(200), but actually found 400
REQUEST	29		Create user	1562724528205	1562724528217	KO	status.find.is(200), but actually found 400
REQUEST	34		Create user	1562724528205	1562724528218	KO	status.find.is(200), but actually found 400
REQUEST	44		Create user	1562724528215	1562724528220	KO	status.find.is(200), but actually found 400
REQUEST	50		Create user	1562724528285	1562724528289	KO	status.find.is(200), but actually found 400
REQUEST	40		Create user	1562724528285	1562724528290	KO	status.find.is(200), but actually found 400
REQUEST	45		Create user	1562724528295	1562724528300	KO	status.find.is(200), but actually found 400
REQUEST	35		Create user	1562724528295	1562724528301	KO	status.find.is(200), but actually found 400
REQUEST	30		Create user	1562724528295	1562724528301	KO	status.find.is(200), but actually found 400
REQUEST	25		Create user	1562724528305	1562724528311	KO	status.find.is(200), but actually found 400
USER	Create user	20	END	1562724523245	1562724528315
REQUEST	41		Create user	1562724528385	1562724528388	KO	status.find.is(200), but actually found 400
REQUEST	46		Create user	1562724528395	1562724528397	KO	status.find.is(200), but actually found 400
USER	Create user	21	END	1562724523345	1562724528426
REQUEST	31		Create user	1562724528426	1562724528434	KO	status.find.is(200), but actually found 400
REQUEST	36		Create user	1562724528426	1562724528435	KO	status.find.is(200), but actually found 400
REQUEST	26		Create user	1562724528426	1562724528435	KO	status.find.is(200), but actually found 400
REQUEST	37		Create user	1562724528485	1562724528489	KO	status.find.is(200), but actually found 400
REQUEST	47		Create user	1562724528495	1562724528498	KO	status.find.is(200), but actually found 400
USER	Create user	22	END	1562724523435	1562724528515
REQUEST	32		Create user	1562724528516	1562724528520	KO	status.find.is(200), but actually found 400
REQUEST	27		Create user	1562724528526	1562724528532	KO	status.find.is(200), but actually found 400
REQUEST	42		Create user	1562724528526	1562724528533	KO	status.find.is(200), but actually found 400
REQUEST	48		Create user	1562724528595	1562724528600	KO	status.find.is(200), but actually found 400
REQUEST	38		Create user	1562724528595	1562724528601	KO	status.find.is(200), but actually found 400
REQUEST	33		Create user	1562724528605	1562724528609	KO	status.find.is(200), but actually found 400
USER	Create user	23	END	1562724523535	1562724528614
REQUEST	28		Create user	1562724528615	1562724528622	KO	status.find.is(200), but actually found 400
REQUEST	43		Create user	1562724528615	1562724528623	KO	status.find.is(200), but actually found 400
REQUEST	49		Create user	1562724528686	1562724528689	KO	status.find.is(200), but actually found 400
REQUEST	39		Create user	1562724528695	1562724528698	KO	status.find.is(200), but actually found 400
USER	Create user	24	END	1562724523634	1562724528716
REQUEST	29		Create user	1562724528716	1562724528723	KO	status.find.is(200), but actually found 400
REQUEST	34		Create user	1562724528716	1562724528723	KO	status.find.is(200), but actually found 400
REQUEST	44		Create user	1562724528716	1562724528724	KO	status.find.is(200), but actually found 400
REQUEST	40		Create user	1562724528785	1562724528789	KO	status.find.is(200), but actually found 400
REQUEST	45		Create user	1562724528796	1562724528803	KO	status.find.is(200), but actually found 400
REQUEST	35		Create user	1562724528796	1562724528804	KO	status.find.is(200), but actually found 400
REQUEST	50		Create user	1562724528796	1562724528804	KO	status.find.is(200), but actually found 400
USER	Create user	25	END	1562724523735	1562724528806
REQUEST	30		Create user	1562724528805	1562724528809	KO	status.find.is(200), but actually found 400
REQUEST	41		Create user	1562724528886	1562724528889	KO	status.find.is(200), but actually found 400
REQUEST	46		Create user	1562724528895	1562724528900	KO	status.find.is(200), but actually found 400
USER	Create user	26	END	1562724523835	1562724528934
REQUEST	31		Create user	1562724528935	1562724528940	KO	status.find.is(200), but actually found 400
REQUEST	36		Create user	1562724528934	1562724528940	KO	status.find.is(200), but actually found 400
REQUEST	37		Create user	1562724528995	1562724528998	KO	status.find.is(200), but actually found 400
REQUEST	47		Create user	1562724529005	1562724529009	KO	status.find.is(200), but actually found 400
USER	Create user	27	END	1562724523935	1562724529025
REQUEST	42		Create user	1562724529025	1562724529030	KO	status.find.is(200), but actually found 400
REQUEST	32		Create user	1562724529025	1562724529030	KO	status.find.is(200), but actually found 400
REQUEST	48		Create user	1562724529105	1562724529110	KO	status.find.is(200), but actually found 400
REQUEST	38		Create user	1562724529105	1562724529110	KO	status.find.is(200), but actually found 400
REQUEST	33		Create user	1562724529116	1562724529119	KO	status.find.is(200), but actually found 400
USER	Create user	28	END	1562724524034	1562724529125
REQUEST	43		Create user	1562724529125	1562724529128	KO	status.find.is(200), but actually found 400
REQUEST	49		Create user	1562724529185	1562724529188	KO	status.find.is(200), but actually found 400
REQUEST	39		Create user	1562724529195	1562724529199	KO	status.find.is(200), but actually found 400
USER	Create user	29	END	1562724524135	1562724529216
REQUEST	34		Create user	1562724529216	1562724529221	KO	status.find.is(200), but actually found 400
REQUEST	44		Create user	1562724529216	1562724529221	KO	status.find.is(200), but actually found 400
REQUEST	40		Create user	1562724529295	1562724529298	KO	status.find.is(200), but actually found 400
REQUEST	50		Create user	1562724529305	1562724529308	KO	status.find.is(200), but actually found 400
USER	Create user	30	END	1562724524234	1562724529315
REQUEST	35		Create user	1562724529315	1562724529322	KO	status.find.is(200), but actually found 400
REQUEST	45		Create user	1562724529315	1562724529323	KO	status.find.is(200), but actually found 400
REQUEST	41		Create user	1562724529385	1562724529388	KO	status.find.is(200), but actually found 400
REQUEST	46		Create user	1562724529407	1562724529417	KO	status.find.is(200), but actually found 400
USER	Create user	31	END	1562724524335	1562724529435
REQUEST	36		Create user	1562724529435	1562724529439	KO	status.find.is(200), but actually found 400
REQUEST	37		Create user	1562724529495	1562724529498	KO	status.find.is(200), but actually found 400
REQUEST	47		Create user	1562724529506	1562724529509	KO	status.find.is(200), but actually found 400
USER	Create user	32	END	1562724524434	1562724529525
REQUEST	42		Create user	1562724529535	1562724529538	KO	status.find.is(200), but actually found 400
USER	Create user	33	END	1562724524534	1562724529616
REQUEST	38		Create user	1562724529616	1562724529621	KO	status.find.is(200), but actually found 400
REQUEST	48		Create user	1562724529616	1562724529621	KO	status.find.is(200), but actually found 400
REQUEST	43		Create user	1562724529635	1562724529639	KO	status.find.is(200), but actually found 400
REQUEST	49		Create user	1562724529685	1562724529688	KO	status.find.is(200), but actually found 400
REQUEST	39		Create user	1562724529705	1562724529709	KO	status.find.is(200), but actually found 400
USER	Create user	34	END	1562724524634	1562724529725
REQUEST	44		Create user	1562724529725	1562724529729	KO	status.find.is(200), but actually found 400
REQUEST	40		Create user	1562724529795	1562724529798	KO	status.find.is(200), but actually found 400
REQUEST	50		Create user	1562724529805	1562724529809	KO	status.find.is(200), but actually found 400
USER	Create user	35	END	1562724524735	1562724529815
REQUEST	45		Create user	1562724529815	1562724529823	KO	status.find.is(200), but actually found 400
REQUEST	41		Create user	1562724529895	1562724529898	KO	status.find.is(200), but actually found 400
REQUEST	46		Create user	1562724529915	1562724529920	KO	status.find.is(200), but actually found 400
USER	Create user	36	END	1562724524834	1562724529935
USER	Create user	37	END	1562724524935	1562724529995
REQUEST	47		Create user	1562724530015	1562724530018	KO	status.find.is(200), but actually found 400
REQUEST	42		Create user	1562724530035	1562724530039	KO	status.find.is(200), but actually found 400
USER	Create user	38	END	1562724525035	1562724530115
REQUEST	48		Create user	1562724530115	1562724530119	KO	status.find.is(200), but actually found 400
REQUEST	43		Create user	1562724530136	1562724530140	KO	status.find.is(200), but actually found 400
REQUEST	49		Create user	1562724530195	1562724530199	KO	status.find.is(200), but actually found 400
USER	Create user	39	END	1562724525135	1562724530206
REQUEST	44		Create user	1562724530235	1562724530238	KO	status.find.is(200), but actually found 400
USER	Create user	40	END	1562724525235	1562724530295
REQUEST	50		Create user	1562724530306	1562724530309	KO	status.find.is(200), but actually found 400
REQUEST	45		Create user	1562724530315	1562724530318	KO	status.find.is(200), but actually found 400
USER	Create user	41	END	1562724525335	1562724530396
REQUEST	46		Create user	1562724530425	1562724530428	KO	status.find.is(200), but actually found 400
REQUEST	47		Create user	1562724530515	1562724530520	KO	status.find.is(200), but actually found 400
USER	Create user	42	END	1562724525445	1562724530545
REQUEST	48		Create user	1562724530626	1562724530631	KO	status.find.is(200), but actually found 400
USER	Create user	43	END	1562724525545	1562724530635
REQUEST	49		Create user	1562724530696	1562724530699	KO	status.find.is(200), but actually found 400
USER	Create user	44	END	1562724525644	1562724530735
REQUEST	50		Create user	1562724530815	1562724530819	KO	status.find.is(200), but actually found 400
USER	Create user	45	END	1562724525744	1562724530825
USER	Create user	46	END	1562724525846	1562724530925
USER	Create user	47	END	1562724525945	1562724531015
USER	Create user	48	END	1562724526045	1562724531125
USER	Create user	49	END	1562724526144	1562724531195
USER	Create user	50	END	1562724526245	1562724531315
