RUN	ar.edu.unq.pdes.todolist.MarkAsDoneSimulation	markasdonesimulation	1562724463810	 	3.1.2
USER	Create user	1	START	1562724465254	1562724465254
REQUEST	1		Create user	1562724465287	1562724465300	KO	status.find.is(200), but actually found 400
USER	Create user	2	START	1562724465367	1562724465367
REQUEST	2		Create user	1562724465368	1562724465378	KO	status.find.is(200), but actually found 400
USER	Create user	3	START	1562724465467	1562724465467
REQUEST	3		Create user	1562724465469	1562724465499	KO	status.find.is(200), but actually found 400
USER	Create user	4	START	1562724465577	1562724465577
REQUEST	4		Create user	1562724465579	1562724465612	KO	status.find.is(200), but actually found 400
USER	Create user	5	START	1562724465676	1562724465676
REQUEST	5		Create user	1562724465678	1562724465706	KO	status.find.is(200), but actually found 400
USER	Create user	6	START	1562724465777	1562724465777
REQUEST	6		Create user	1562724465779	1562724465808	KO	status.find.is(200), but actually found 400
REQUEST	1		Create user	1562724465829	1562724465830	KO	status.find.is(200), but actually found 400
USER	Create user	7	START	1562724465876	1562724465876
REQUEST	7		Create user	1562724465877	1562724465889	KO	status.find.is(200), but actually found 400
REQUEST	2		Create user	1562724465897	1562724465899	KO	status.find.is(200), but actually found 400
USER	Create user	8	START	1562724465976	1562724465976
REQUEST	8		Create user	1562724465978	1562724466009	KO	status.find.is(200), but actually found 400
REQUEST	3		Create user	1562724466017	1562724466020	KO	status.find.is(200), but actually found 400
USER	Create user	9	START	1562724466077	1562724466077
REQUEST	9		Create user	1562724466079	1562724466090	KO	status.find.is(200), but actually found 400
REQUEST	4		Create user	1562724466128	1562724466131	KO	status.find.is(200), but actually found 400
USER	Create user	10	START	1562724466176	1562724466176
REQUEST	10		Create user	1562724466178	1562724466188	KO	status.find.is(200), but actually found 400
REQUEST	5		Create user	1562724466228	1562724466233	KO	status.find.is(200), but actually found 400
USER	Create user	11	START	1562724466277	1562724466277
REQUEST	11		Create user	1562724466278	1562724466288	KO	status.find.is(200), but actually found 400
REQUEST	1		Create user	1562724466328	1562724466333	KO	status.find.is(200), but actually found 400
REQUEST	6		Create user	1562724466328	1562724466336	KO	status.find.is(200), but actually found 400
USER	Create user	12	START	1562724466377	1562724466377
REQUEST	12		Create user	1562724466381	1562724466394	KO	status.find.is(200), but actually found 400
REQUEST	2		Create user	1562724466398	1562724466402	KO	status.find.is(200), but actually found 400
REQUEST	7		Create user	1562724466408	1562724466415	KO	status.find.is(200), but actually found 400
USER	Create user	13	START	1562724466477	1562724466477
REQUEST	13		Create user	1562724466479	1562724466491	KO	status.find.is(200), but actually found 400
REQUEST	8		Create user	1562724466528	1562724466533	KO	status.find.is(200), but actually found 400
REQUEST	3		Create user	1562724466528	1562724466536	KO	status.find.is(200), but actually found 400
USER	Create user	14	START	1562724466576	1562724466576
REQUEST	14		Create user	1562724466579	1562724466589	KO	status.find.is(200), but actually found 400
REQUEST	9		Create user	1562724466611	1562724466617	KO	status.find.is(200), but actually found 400
REQUEST	4		Create user	1562724466640	1562724466647	KO	status.find.is(200), but actually found 400
USER	Create user	15	START	1562724466676	1562724466676
REQUEST	15		Create user	1562724466677	1562724466687	KO	status.find.is(200), but actually found 400
REQUEST	10		Create user	1562724466709	1562724466714	KO	status.find.is(200), but actually found 400
REQUEST	5		Create user	1562724466727	1562724466733	KO	status.find.is(200), but actually found 400
USER	Create user	16	START	1562724466776	1562724466776
REQUEST	16		Create user	1562724466777	1562724466784	KO	status.find.is(200), but actually found 400
REQUEST	11		Create user	1562724466816	1562724466818	KO	status.find.is(200), but actually found 400
REQUEST	1		Create user	1562724466829	1562724466833	KO	status.find.is(200), but actually found 400
REQUEST	6		Create user	1562724466839	1562724466846	KO	status.find.is(200), but actually found 400
USER	Create user	17	START	1562724466876	1562724466876
REQUEST	17		Create user	1562724466877	1562724466879	KO	status.find.is(200), but actually found 400
REQUEST	12		Create user	1562724466908	1562724466912	KO	status.find.is(200), but actually found 400
REQUEST	2		Create user	1562724466908	1562724466912	KO	status.find.is(200), but actually found 400
REQUEST	7		Create user	1562724466917	1562724466922	KO	status.find.is(200), but actually found 400
USER	Create user	18	START	1562724466976	1562724466976
REQUEST	18		Create user	1562724466978	1562724466985	KO	status.find.is(200), but actually found 400
REQUEST	13		Create user	1562724467010	1562724467016	KO	status.find.is(200), but actually found 400
REQUEST	8		Create user	1562724467027	1562724467031	KO	status.find.is(200), but actually found 400
REQUEST	3		Create user	1562724467037	1562724467042	KO	status.find.is(200), but actually found 400
USER	Create user	19	START	1562724467076	1562724467076
REQUEST	19		Create user	1562724467078	1562724467086	KO	status.find.is(200), but actually found 400
REQUEST	14		Create user	1562724467108	1562724467113	KO	status.find.is(200), but actually found 400
REQUEST	9		Create user	1562724467118	1562724467128	KO	status.find.is(200), but actually found 400
REQUEST	4		Create user	1562724467148	1562724467153	KO	status.find.is(200), but actually found 400
USER	Create user	20	START	1562724467176	1562724467176
REQUEST	20		Create user	1562724467178	1562724467185	KO	status.find.is(200), but actually found 400
REQUEST	15		Create user	1562724467208	1562724467212	KO	status.find.is(200), but actually found 400
REQUEST	10		Create user	1562724467217	1562724467222	KO	status.find.is(200), but actually found 400
REQUEST	5		Create user	1562724467238	1562724467242	KO	status.find.is(200), but actually found 400
USER	Create user	21	START	1562724467277	1562724467277
REQUEST	21		Create user	1562724467279	1562724467286	KO	status.find.is(200), but actually found 400
REQUEST	16		Create user	1562724467297	1562724467302	KO	status.find.is(200), but actually found 400
REQUEST	11		Create user	1562724467320	1562724467327	KO	status.find.is(200), but actually found 400
REQUEST	1		Create user	1562724467338	1562724467342	KO	status.find.is(200), but actually found 400
REQUEST	6		Create user	1562724467338	1562724467347	KO	status.find.is(200), but actually found 400
USER	Create user	22	START	1562724467366	1562724467366
REQUEST	22		Create user	1562724467368	1562724467373	KO	status.find.is(200), but actually found 400
REQUEST	17		Create user	1562724467398	1562724467403	KO	status.find.is(200), but actually found 400
REQUEST	2		Create user	1562724467407	1562724467412	KO	status.find.is(200), but actually found 400
REQUEST	12		Create user	1562724467418	1562724467427	KO	status.find.is(200), but actually found 400
REQUEST	7		Create user	1562724467418	1562724467427	KO	status.find.is(200), but actually found 400
USER	Create user	23	START	1562724467467	1562724467467
REQUEST	23		Create user	1562724467469	1562724467475	KO	status.find.is(200), but actually found 400
REQUEST	18		Create user	1562724467508	1562724467516	KO	status.find.is(200), but actually found 400
REQUEST	13		Create user	1562724467527	1562724467533	KO	status.find.is(200), but actually found 400
REQUEST	3		Create user	1562724467538	1562724467544	KO	status.find.is(200), but actually found 400
REQUEST	8		Create user	1562724467538	1562724467548	KO	status.find.is(200), but actually found 400
USER	Create user	24	START	1562724467566	1562724467566
REQUEST	24		Create user	1562724467567	1562724467573	KO	status.find.is(200), but actually found 400
REQUEST	19		Create user	1562724467608	1562724467614	KO	status.find.is(200), but actually found 400
REQUEST	14		Create user	1562724467617	1562724467623	KO	status.find.is(200), but actually found 400
REQUEST	9		Create user	1562724467627	1562724467632	KO	status.find.is(200), but actually found 400
REQUEST	4		Create user	1562724467648	1562724467653	KO	status.find.is(200), but actually found 400
USER	Create user	25	START	1562724467666	1562724467666
REQUEST	25		Create user	1562724467668	1562724467674	KO	status.find.is(200), but actually found 400
REQUEST	20		Create user	1562724467708	1562724467712	KO	status.find.is(200), but actually found 400
REQUEST	15		Create user	1562724467708	1562724467712	KO	status.find.is(200), but actually found 400
REQUEST	10		Create user	1562724467717	1562724467719	KO	status.find.is(200), but actually found 400
REQUEST	5		Create user	1562724467747	1562724467751	KO	status.find.is(200), but actually found 400
USER	Create user	26	START	1562724467767	1562724467767
REQUEST	26		Create user	1562724467768	1562724467777	KO	status.find.is(200), but actually found 400
REQUEST	21		Create user	1562724467809	1562724467814	KO	status.find.is(200), but actually found 400
REQUEST	16		Create user	1562724467809	1562724467815	KO	status.find.is(200), but actually found 400
REQUEST	11		Create user	1562724467827	1562724467833	KO	status.find.is(200), but actually found 400
REQUEST	1		Create user	1562724467837	1562724467844	KO	status.find.is(200), but actually found 400
REQUEST	6		Create user	1562724467858	1562724467862	KO	status.find.is(200), but actually found 400
USER	Create user	27	START	1562724467867	1562724467867
REQUEST	27		Create user	1562724467870	1562724467879	KO	status.find.is(200), but actually found 400
REQUEST	22		Create user	1562724467888	1562724467891	KO	status.find.is(200), but actually found 400
REQUEST	17		Create user	1562724467908	1562724467910	KO	status.find.is(200), but actually found 400
REQUEST	2		Create user	1562724467917	1562724467918	KO	status.find.is(200), but actually found 400
REQUEST	7		Create user	1562724467938	1562724467943	KO	status.find.is(200), but actually found 400
REQUEST	12		Create user	1562724467938	1562724467945	KO	status.find.is(200), but actually found 400
USER	Create user	28	START	1562724467966	1562724467966
REQUEST	28		Create user	1562724467967	1562724467969	KO	status.find.is(200), but actually found 400
REQUEST	23		Create user	1562724467997	1562724467999	KO	status.find.is(200), but actually found 400
REQUEST	18		Create user	1562724468017	1562724468021	KO	status.find.is(200), but actually found 400
REQUEST	13		Create user	1562724468028	1562724468033	KO	status.find.is(200), but actually found 400
REQUEST	3		Create user	1562724468047	1562724468052	KO	status.find.is(200), but actually found 400
REQUEST	8		Create user	1562724468057	1562724468064	KO	status.find.is(200), but actually found 400
USER	Create user	29	START	1562724468067	1562724468067
REQUEST	29		Create user	1562724468068	1562724468074	KO	status.find.is(200), but actually found 400
REQUEST	24		Create user	1562724468087	1562724468093	KO	status.find.is(200), but actually found 400
REQUEST	19		Create user	1562724468109	1562724468114	KO	status.find.is(200), but actually found 400
REQUEST	14		Create user	1562724468117	1562724468122	KO	status.find.is(200), but actually found 400
REQUEST	9		Create user	1562724468137	1562724468142	KO	status.find.is(200), but actually found 400
REQUEST	4		Create user	1562724468158	1562724468161	KO	status.find.is(200), but actually found 400
USER	Create user	30	START	1562724468166	1562724468166
REQUEST	30		Create user	1562724468167	1562724468169	KO	status.find.is(200), but actually found 400
REQUEST	25		Create user	1562724468188	1562724468194	KO	status.find.is(200), but actually found 400
REQUEST	20		Create user	1562724468206	1562724468208	KO	status.find.is(200), but actually found 400
REQUEST	15		Create user	1562724468216	1562724468218	KO	status.find.is(200), but actually found 400
REQUEST	10		Create user	1562724468227	1562724468228	KO	status.find.is(200), but actually found 400
REQUEST	5		Create user	1562724468249	1562724468254	KO	status.find.is(200), but actually found 400
USER	Create user	31	START	1562724468267	1562724468267
REQUEST	31		Create user	1562724468268	1562724468272	KO	status.find.is(200), but actually found 400
REQUEST	26		Create user	1562724468297	1562724468300	KO	status.find.is(200), but actually found 400
REQUEST	21		Create user	1562724468307	1562724468310	KO	status.find.is(200), but actually found 400
REQUEST	16		Create user	1562724468317	1562724468322	KO	status.find.is(200), but actually found 400
REQUEST	11		Create user	1562724468327	1562724468330	KO	status.find.is(200), but actually found 400
REQUEST	1		Create user	1562724468348	1562724468351	KO	status.find.is(200), but actually found 400
REQUEST	6		Create user	1562724468358	1562724468361	KO	status.find.is(200), but actually found 400
USER	Create user	32	START	1562724468367	1562724468367
REQUEST	32		Create user	1562724468368	1562724468372	KO	status.find.is(200), but actually found 400
REQUEST	22		Create user	1562724468397	1562724468399	KO	status.find.is(200), but actually found 400
REQUEST	27		Create user	1562724468397	1562724468399	KO	status.find.is(200), but actually found 400
REQUEST	17		Create user	1562724468407	1562724468411	KO	status.find.is(200), but actually found 400
REQUEST	2		Create user	1562724468426	1562724468428	KO	status.find.is(200), but actually found 400
REQUEST	7		Create user	1562724468437	1562724468443	KO	status.find.is(200), but actually found 400
REQUEST	12		Create user	1562724468437	1562724468443	KO	status.find.is(200), but actually found 400
USER	Create user	33	START	1562724468466	1562724468466
REQUEST	33		Create user	1562724468470	1562724468479	KO	status.find.is(200), but actually found 400
REQUEST	28		Create user	1562724468488	1562724468489	KO	status.find.is(200), but actually found 400
REQUEST	23		Create user	1562724468497	1562724468499	KO	status.find.is(200), but actually found 400
REQUEST	18		Create user	1562724468517	1562724468520	KO	status.find.is(200), but actually found 400
REQUEST	13		Create user	1562724468527	1562724468531	KO	status.find.is(200), but actually found 400
REQUEST	3		Create user	1562724468548	1562724468552	KO	status.find.is(200), but actually found 400
REQUEST	8		Create user	1562724468558	1562724468563	KO	status.find.is(200), but actually found 400
USER	Create user	34	START	1562724468567	1562724468567
REQUEST	34		Create user	1562724468568	1562724468577	KO	status.find.is(200), but actually found 400
REQUEST	29		Create user	1562724468598	1562724468609	KO	status.find.is(200), but actually found 400
REQUEST	24		Create user	1562724468598	1562724468610	KO	status.find.is(200), but actually found 400
REQUEST	19		Create user	1562724468617	1562724468621	KO	status.find.is(200), but actually found 400
REQUEST	14		Create user	1562724468626	1562724468630	KO	status.find.is(200), but actually found 400
REQUEST	9		Create user	1562724468636	1562724468641	KO	status.find.is(200), but actually found 400
USER	Create user	35	START	1562724468666	1562724468666
REQUEST	4		Create user	1562724468667	1562724468668	KO	status.find.is(200), but actually found 400
REQUEST	35		Create user	1562724468667	1562724468670	KO	status.find.is(200), but actually found 400
REQUEST	30		Create user	1562724468687	1562724468689	KO	status.find.is(200), but actually found 400
REQUEST	25		Create user	1562724468697	1562724468698	KO	status.find.is(200), but actually found 400
REQUEST	20		Create user	1562724468717	1562724468719	KO	status.find.is(200), but actually found 400
REQUEST	15		Create user	1562724468717	1562724468720	KO	status.find.is(200), but actually found 400
REQUEST	10		Create user	1562724468728	1562724468731	KO	status.find.is(200), but actually found 400
USER	Create user	36	START	1562724468766	1562724468766
REQUEST	5		Create user	1562724468767	1562724468772	KO	status.find.is(200), but actually found 400
REQUEST	36		Create user	1562724468767	1562724468777	KO	status.find.is(200), but actually found 400
REQUEST	31		Create user	1562724468788	1562724468792	KO	status.find.is(200), but actually found 400
REQUEST	26		Create user	1562724468808	1562724468812	KO	status.find.is(200), but actually found 400
REQUEST	21		Create user	1562724468818	1562724468822	KO	status.find.is(200), but actually found 400
REQUEST	16		Create user	1562724468827	1562724468833	KO	status.find.is(200), but actually found 400
REQUEST	11		Create user	1562724468837	1562724468841	KO	status.find.is(200), but actually found 400
REQUEST	1		Create user	1562724468857	1562724468861	KO	status.find.is(200), but actually found 400
USER	Create user	37	START	1562724468867	1562724468867
REQUEST	6		Create user	1562724468867	1562724468869	KO	status.find.is(200), but actually found 400
REQUEST	37		Create user	1562724468867	1562724468870	KO	status.find.is(200), but actually found 400
REQUEST	32		Create user	1562724468887	1562724468892	KO	status.find.is(200), but actually found 400
REQUEST	22		Create user	1562724468897	1562724468898	KO	status.find.is(200), but actually found 400
REQUEST	27		Create user	1562724468907	1562724468909	KO	status.find.is(200), but actually found 400
REQUEST	17		Create user	1562724468917	1562724468924	KO	status.find.is(200), but actually found 400
REQUEST	2		Create user	1562724468928	1562724468931	KO	status.find.is(200), but actually found 400
REQUEST	12		Create user	1562724468947	1562724468950	KO	status.find.is(200), but actually found 400
REQUEST	7		Create user	1562724468947	1562724468950	KO	status.find.is(200), but actually found 400
USER	Create user	38	START	1562724468967	1562724468967
REQUEST	38		Create user	1562724468967	1562724468969	KO	status.find.is(200), but actually found 400
REQUEST	33		Create user	1562724468997	1562724468998	KO	status.find.is(200), but actually found 400
REQUEST	28		Create user	1562724468997	1562724468999	KO	status.find.is(200), but actually found 400
REQUEST	23		Create user	1562724469007	1562724469008	KO	status.find.is(200), but actually found 400
REQUEST	18		Create user	1562724469028	1562724469034	KO	status.find.is(200), but actually found 400
REQUEST	13		Create user	1562724469037	1562724469041	KO	status.find.is(200), but actually found 400
REQUEST	3		Create user	1562724469058	1562724469064	KO	status.find.is(200), but actually found 400
USER	Create user	39	START	1562724469066	1562724469066
REQUEST	8		Create user	1562724469067	1562724469072	KO	status.find.is(200), but actually found 400
REQUEST	39		Create user	1562724469067	1562724469076	KO	status.find.is(200), but actually found 400
REQUEST	34		Create user	1562724469097	1562724469099	KO	status.find.is(200), but actually found 400
REQUEST	29		Create user	1562724469107	1562724469110	KO	status.find.is(200), but actually found 400
REQUEST	24		Create user	1562724469116	1562724469118	KO	status.find.is(200), but actually found 400
REQUEST	19		Create user	1562724469126	1562724469128	KO	status.find.is(200), but actually found 400
REQUEST	14		Create user	1562724469137	1562724469139	KO	status.find.is(200), but actually found 400
REQUEST	9		Create user	1562724469147	1562724469148	KO	status.find.is(200), but actually found 400
USER	Create user	40	START	1562724469166	1562724469166
REQUEST	4		Create user	1562724469166	1562724469168	KO	status.find.is(200), but actually found 400
REQUEST	40		Create user	1562724469166	1562724469169	KO	status.find.is(200), but actually found 400
REQUEST	35		Create user	1562724469187	1562724469193	KO	status.find.is(200), but actually found 400
REQUEST	30		Create user	1562724469198	1562724469201	KO	status.find.is(200), but actually found 400
REQUEST	25		Create user	1562724469207	1562724469212	KO	status.find.is(200), but actually found 400
REQUEST	20		Create user	1562724469217	1562724469221	KO	status.find.is(200), but actually found 400
REQUEST	10		Create user	1562724469227	1562724469232	KO	status.find.is(200), but actually found 400
REQUEST	15		Create user	1562724469227	1562724469232	KO	status.find.is(200), but actually found 400
REQUEST	5		Create user	1562724469257	1562724469261	KO	status.find.is(200), but actually found 400
USER	Create user	41	START	1562724469267	1562724469267
REQUEST	41		Create user	1562724469268	1562724469274	KO	status.find.is(200), but actually found 400
REQUEST	36		Create user	1562724469297	1562724469302	KO	status.find.is(200), but actually found 400
REQUEST	31		Create user	1562724469297	1562724469302	KO	status.find.is(200), but actually found 400
REQUEST	26		Create user	1562724469307	1562724469311	KO	status.find.is(200), but actually found 400
REQUEST	21		Create user	1562724469327	1562724469331	KO	status.find.is(200), but actually found 400
REQUEST	16		Create user	1562724469327	1562724469333	KO	status.find.is(200), but actually found 400
REQUEST	11		Create user	1562724469337	1562724469341	KO	status.find.is(200), but actually found 400
REQUEST	1		Create user	1562724469357	1562724469360	KO	status.find.is(200), but actually found 400
USER	Create user	42	START	1562724469366	1562724469366
REQUEST	6		Create user	1562724469367	1562724469370	KO	status.find.is(200), but actually found 400
REQUEST	42		Create user	1562724469367	1562724469372	KO	status.find.is(200), but actually found 400
REQUEST	37		Create user	1562724469387	1562724469392	KO	status.find.is(200), but actually found 400
REQUEST	32		Create user	1562724469397	1562724469399	KO	status.find.is(200), but actually found 400
REQUEST	27		Create user	1562724469407	1562724469412	KO	status.find.is(200), but actually found 400
REQUEST	22		Create user	1562724469407	1562724469415	KO	status.find.is(200), but actually found 400
REQUEST	2		Create user	1562724469427	1562724469432	KO	status.find.is(200), but actually found 400
REQUEST	17		Create user	1562724469427	1562724469432	KO	status.find.is(200), but actually found 400
REQUEST	7		Create user	1562724469446	1562724469450	KO	status.find.is(200), but actually found 400
REQUEST	12		Create user	1562724469446	1562724469451	KO	status.find.is(200), but actually found 400
USER	Create user	43	START	1562724469466	1562724469466
REQUEST	43		Create user	1562724469468	1562724469473	KO	status.find.is(200), but actually found 400
REQUEST	38		Create user	1562724469488	1562724469493	KO	status.find.is(200), but actually found 400
REQUEST	28		Create user	1562724469497	1562724469501	KO	status.find.is(200), but actually found 400
REQUEST	23		Create user	1562724469507	1562724469512	KO	status.find.is(200), but actually found 400
REQUEST	33		Create user	1562724469507	1562724469515	KO	status.find.is(200), but actually found 400
REQUEST	18		Create user	1562724469528	1562724469531	KO	status.find.is(200), but actually found 400
REQUEST	13		Create user	1562724469547	1562724469551	KO	status.find.is(200), but actually found 400
REQUEST	3		Create user	1562724469557	1562724469562	KO	status.find.is(200), but actually found 400
USER	Create user	44	START	1562724469567	1562724469567
REQUEST	8		Create user	1562724469567	1562724469571	KO	status.find.is(200), but actually found 400
REQUEST	44		Create user	1562724469568	1562724469575	KO	status.find.is(200), but actually found 400
REQUEST	39		Create user	1562724469597	1562724469603	KO	status.find.is(200), but actually found 400
REQUEST	34		Create user	1562724469597	1562724469603	KO	status.find.is(200), but actually found 400
REQUEST	29		Create user	1562724469607	1562724469612	KO	status.find.is(200), but actually found 400
REQUEST	24		Create user	1562724469617	1562724469622	KO	status.find.is(200), but actually found 400
REQUEST	19		Create user	1562724469628	1562724469630	KO	status.find.is(200), but actually found 400
REQUEST	14		Create user	1562724469637	1562724469640	KO	status.find.is(200), but actually found 400
REQUEST	9		Create user	1562724469647	1562724469649	KO	status.find.is(200), but actually found 400
USER	Create user	45	START	1562724469667	1562724469667
REQUEST	4		Create user	1562724469667	1562724469670	KO	status.find.is(200), but actually found 400
REQUEST	45		Create user	1562724469668	1562724469673	KO	status.find.is(200), but actually found 400
REQUEST	40		Create user	1562724469687	1562724469689	KO	status.find.is(200), but actually found 400
REQUEST	30		Create user	1562724469697	1562724469702	KO	status.find.is(200), but actually found 400
REQUEST	35		Create user	1562724469697	1562724469702	KO	status.find.is(200), but actually found 400
REQUEST	25		Create user	1562724469708	1562724469714	KO	status.find.is(200), but actually found 400
REQUEST	20		Create user	1562724469716	1562724469719	KO	status.find.is(200), but actually found 400
REQUEST	15		Create user	1562724469727	1562724469730	KO	status.find.is(200), but actually found 400
REQUEST	10		Create user	1562724469737	1562724469741	KO	status.find.is(200), but actually found 400
USER	Create user	46	START	1562724469766	1562724469766
REQUEST	5		Create user	1562724469767	1562724469772	KO	status.find.is(200), but actually found 400
REQUEST	46		Create user	1562724469768	1562724469778	KO	status.find.is(200), but actually found 400
REQUEST	41		Create user	1562724469787	1562724469793	KO	status.find.is(200), but actually found 400
REQUEST	36		Create user	1562724469797	1562724469803	KO	status.find.is(200), but actually found 400
REQUEST	31		Create user	1562724469797	1562724469803	KO	status.find.is(200), but actually found 400
REQUEST	26		Create user	1562724469808	1562724469814	KO	status.find.is(200), but actually found 400
REQUEST	21		Create user	1562724469827	1562724469829	KO	status.find.is(200), but actually found 400
REQUEST	11		Create user	1562724469837	1562724469844	KO	status.find.is(200), but actually found 400
REQUEST	16		Create user	1562724469837	1562724469844	KO	status.find.is(200), but actually found 400
USER	Create user	47	START	1562724469867	1562724469867
REQUEST	1		Create user	1562724469867	1562724469872	KO	status.find.is(200), but actually found 400
REQUEST	47		Create user	1562724469868	1562724469877	KO	status.find.is(200), but actually found 400
REQUEST	6		Create user	1562724469877	1562724469878	KO	status.find.is(200), but actually found 400
REQUEST	42		Create user	1562724469887	1562724469889	KO	status.find.is(200), but actually found 400
REQUEST	37		Create user	1562724469897	1562724469898	KO	status.find.is(200), but actually found 400
REQUEST	22		Create user	1562724469908	1562724469912	KO	status.find.is(200), but actually found 400
REQUEST	32		Create user	1562724469908	1562724469913	KO	status.find.is(200), but actually found 400
REQUEST	27		Create user	1562724469908	1562724469913	KO	status.find.is(200), but actually found 400
REQUEST	2		Create user	1562724469927	1562724469933	KO	status.find.is(200), but actually found 400
REQUEST	17		Create user	1562724469927	1562724469933	KO	status.find.is(200), but actually found 400
REQUEST	12		Create user	1562724469957	1562724469965	KO	status.find.is(200), but actually found 400
REQUEST	7		Create user	1562724469957	1562724469965	KO	status.find.is(200), but actually found 400
USER	Create user	48	START	1562724469967	1562724469967
REQUEST	48		Create user	1562724469967	1562724469971	KO	status.find.is(200), but actually found 400
REQUEST	43		Create user	1562724469987	1562724469989	KO	status.find.is(200), but actually found 400
REQUEST	28		Create user	1562724469998	1562724470001	KO	status.find.is(200), but actually found 400
REQUEST	38		Create user	1562724469998	1562724470000	KO	status.find.is(200), but actually found 400
REQUEST	23		Create user	1562724470007	1562724470011	KO	status.find.is(200), but actually found 400
REQUEST	33		Create user	1562724470017	1562724470019	KO	status.find.is(200), but actually found 400
REQUEST	18		Create user	1562724470037	1562724470042	KO	status.find.is(200), but actually found 400
REQUEST	13		Create user	1562724470046	1562724470048	KO	status.find.is(200), but actually found 400
USER	Create user	49	START	1562724470066	1562724470066
REQUEST	3		Create user	1562724470067	1562724470069	KO	status.find.is(200), but actually found 400
REQUEST	49		Create user	1562724470067	1562724470078	KO	status.find.is(200), but actually found 400
REQUEST	8		Create user	1562724470077	1562724470079	KO	status.find.is(200), but actually found 400
REQUEST	44		Create user	1562724470088	1562724470094	KO	status.find.is(200), but actually found 400
REQUEST	39		Create user	1562724470096	1562724470098	KO	status.find.is(200), but actually found 400
REQUEST	34		Create user	1562724470107	1562724470111	KO	status.find.is(200), but actually found 400
REQUEST	29		Create user	1562724470117	1562724470120	KO	status.find.is(200), but actually found 400
REQUEST	24		Create user	1562724470117	1562724470120	KO	status.find.is(200), but actually found 400
REQUEST	19		Create user	1562724470127	1562724470130	KO	status.find.is(200), but actually found 400
REQUEST	14		Create user	1562724470136	1562724470138	KO	status.find.is(200), but actually found 400
REQUEST	9		Create user	1562724470147	1562724470149	KO	status.find.is(200), but actually found 400
USER	Create user	50	START	1562724470167	1562724470167
REQUEST	4		Create user	1562724470167	1562724470169	KO	status.find.is(200), but actually found 400
REQUEST	50		Create user	1562724470167	1562724470170	KO	status.find.is(200), but actually found 400
REQUEST	45		Create user	1562724470187	1562724470189	KO	status.find.is(200), but actually found 400
REQUEST	35		Create user	1562724470197	1562724470201	KO	status.find.is(200), but actually found 400
REQUEST	30		Create user	1562724470197	1562724470201	KO	status.find.is(200), but actually found 400
REQUEST	40		Create user	1562724470197	1562724470201	KO	status.find.is(200), but actually found 400
REQUEST	25		Create user	1562724470218	1562724470224	KO	status.find.is(200), but actually found 400
REQUEST	20		Create user	1562724470227	1562724470232	KO	status.find.is(200), but actually found 400
REQUEST	15		Create user	1562724470237	1562724470242	KO	status.find.is(200), but actually found 400
REQUEST	10		Create user	1562724470237	1562724470243	KO	status.find.is(200), but actually found 400
REQUEST	5		Create user	1562724470267	1562724470271	KO	status.find.is(200), but actually found 400
REQUEST	46		Create user	1562724470297	1562724470302	KO	status.find.is(200), but actually found 400
REQUEST	41		Create user	1562724470297	1562724470302	KO	status.find.is(200), but actually found 400
REQUEST	31		Create user	1562724470307	1562724470311	KO	status.find.is(200), but actually found 400
REQUEST	36		Create user	1562724470307	1562724470313	KO	status.find.is(200), but actually found 400
REQUEST	26		Create user	1562724470317	1562724470321	KO	status.find.is(200), but actually found 400
REQUEST	21		Create user	1562724470337	1562724470340	KO	status.find.is(200), but actually found 400
REQUEST	11		Create user	1562724470347	1562724470352	KO	status.find.is(200), but actually found 400
REQUEST	16		Create user	1562724470347	1562724470352	KO	status.find.is(200), but actually found 400
USER	Create user	1	END	1562724465254	1562724470370
REQUEST	6		Create user	1562724470377	1562724470382	KO	status.find.is(200), but actually found 400
REQUEST	42		Create user	1562724470397	1562724470401	KO	status.find.is(200), but actually found 400
REQUEST	37		Create user	1562724470397	1562724470402	KO	status.find.is(200), but actually found 400
REQUEST	47		Create user	1562724470397	1562724470402	KO	status.find.is(200), but actually found 400
REQUEST	32		Create user	1562724470407	1562724470410	KO	status.find.is(200), but actually found 400
REQUEST	27		Create user	1562724470417	1562724470421	KO	status.find.is(200), but actually found 400
REQUEST	22		Create user	1562724470417	1562724470421	KO	status.find.is(200), but actually found 400
REQUEST	17		Create user	1562724470428	1562724470430	KO	status.find.is(200), but actually found 400
USER	Create user	2	END	1562724465367	1562724470436
REQUEST	7		Create user	1562724470458	1562724470464	KO	status.find.is(200), but actually found 400
REQUEST	12		Create user	1562724470458	1562724470464	KO	status.find.is(200), but actually found 400
REQUEST	48		Create user	1562724470487	1562724470491	KO	status.find.is(200), but actually found 400
REQUEST	43		Create user	1562724470497	1562724470501	KO	status.find.is(200), but actually found 400
REQUEST	38		Create user	1562724470497	1562724470501	KO	status.find.is(200), but actually found 400
REQUEST	28		Create user	1562724470507	1562724470511	KO	status.find.is(200), but actually found 400
REQUEST	23		Create user	1562724470517	1562724470520	KO	status.find.is(200), but actually found 400
REQUEST	33		Create user	1562724470517	1562724470520	KO	status.find.is(200), but actually found 400
REQUEST	18		Create user	1562724470537	1562724470540	KO	status.find.is(200), but actually found 400
REQUEST	13		Create user	1562724470557	1562724470561	KO	status.find.is(200), but actually found 400
USER	Create user	3	END	1562724465467	1562724470577
REQUEST	8		Create user	1562724470578	1562724470582	KO	status.find.is(200), but actually found 400
REQUEST	49		Create user	1562724470598	1562724470603	KO	status.find.is(200), but actually found 400
REQUEST	44		Create user	1562724470598	1562724470603	KO	status.find.is(200), but actually found 400
REQUEST	34		Create user	1562724470607	1562724470612	KO	status.find.is(200), but actually found 400
REQUEST	39		Create user	1562724470607	1562724470615	KO	status.find.is(200), but actually found 400
REQUEST	29		Create user	1562724470617	1562724470620	KO	status.find.is(200), but actually found 400
REQUEST	24		Create user	1562724470627	1562724470629	KO	status.find.is(200), but actually found 400
REQUEST	19		Create user	1562724470638	1562724470642	KO	status.find.is(200), but actually found 400
REQUEST	14		Create user	1562724470646	1562724470648	KO	status.find.is(200), but actually found 400
REQUEST	9		Create user	1562724470658	1562724470660	KO	status.find.is(200), but actually found 400
USER	Create user	4	END	1562724465577	1562724470677
REQUEST	50		Create user	1562724470687	1562724470689	KO	status.find.is(200), but actually found 400
REQUEST	40		Create user	1562724470697	1562724470700	KO	status.find.is(200), but actually found 400
REQUEST	45		Create user	1562724470697	1562724470702	KO	status.find.is(200), but actually found 400
REQUEST	30		Create user	1562724470707	1562724470714	KO	status.find.is(200), but actually found 400
REQUEST	35		Create user	1562724470707	1562724470714	KO	status.find.is(200), but actually found 400
REQUEST	25		Create user	1562724470717	1562724470719	KO	status.find.is(200), but actually found 400
REQUEST	20		Create user	1562724470727	1562724470729	KO	status.find.is(200), but actually found 400
REQUEST	15		Create user	1562724470738	1562724470742	KO	status.find.is(200), but actually found 400
REQUEST	10		Create user	1562724470747	1562724470750	KO	status.find.is(200), but actually found 400
USER	Create user	5	END	1562724465676	1562724470777
REQUEST	41		Create user	1562724470807	1562724470812	KO	status.find.is(200), but actually found 400
REQUEST	46		Create user	1562724470807	1562724470812	KO	status.find.is(200), but actually found 400
REQUEST	36		Create user	1562724470817	1562724470820	KO	status.find.is(200), but actually found 400
REQUEST	31		Create user	1562724470817	1562724470823	KO	status.find.is(200), but actually found 400
REQUEST	26		Create user	1562724470827	1562724470831	KO	status.find.is(200), but actually found 400
REQUEST	21		Create user	1562724470837	1562724470842	KO	status.find.is(200), but actually found 400
REQUEST	16		Create user	1562724470847	1562724470850	KO	status.find.is(200), but actually found 400
REQUEST	11		Create user	1562724470858	1562724470864	KO	status.find.is(200), but actually found 400
USER	Create user	6	END	1562724465777	1562724470877
REQUEST	42		Create user	1562724470897	1562724470900	KO	status.find.is(200), but actually found 400
REQUEST	37		Create user	1562724470907	1562724470912	KO	status.find.is(200), but actually found 400
REQUEST	47		Create user	1562724470907	1562724470912	KO	status.find.is(200), but actually found 400
REQUEST	22		Create user	1562724470918	1562724470928	KO	status.find.is(200), but actually found 400
REQUEST	27		Create user	1562724470918	1562724470928	KO	status.find.is(200), but actually found 400
REQUEST	32		Create user	1562724470918	1562724470929	KO	status.find.is(200), but actually found 400
REQUEST	17		Create user	1562724470936	1562724470938	KO	status.find.is(200), but actually found 400
USER	Create user	7	END	1562724465876	1562724470967
REQUEST	12		Create user	1562724470967	1562724470968	KO	status.find.is(200), but actually found 400
REQUEST	43		Create user	1562724470997	1562724471000	KO	status.find.is(200), but actually found 400
REQUEST	48		Create user	1562724470997	1562724471001	KO	status.find.is(200), but actually found 400
REQUEST	38		Create user	1562724471008	1562724471013	KO	status.find.is(200), but actually found 400
REQUEST	28		Create user	1562724471008	1562724471013	KO	status.find.is(200), but actually found 400
REQUEST	23		Create user	1562724471016	1562724471020	KO	status.find.is(200), but actually found 400
REQUEST	33		Create user	1562724471016	1562724471020	KO	status.find.is(200), but actually found 400
REQUEST	18		Create user	1562724471047	1562724471049	KO	status.find.is(200), but actually found 400
REQUEST	13		Create user	1562724471058	1562724471060	KO	status.find.is(200), but actually found 400
USER	Create user	8	END	1562724465976	1562724471076
REQUEST	49		Create user	1562724471098	1562724471101	KO	status.find.is(200), but actually found 400
REQUEST	39		Create user	1562724471107	1562724471116	KO	status.find.is(200), but actually found 400
REQUEST	44		Create user	1562724471107	1562724471116	KO	status.find.is(200), but actually found 400
REQUEST	34		Create user	1562724471117	1562724471121	KO	status.find.is(200), but actually found 400
REQUEST	29		Create user	1562724471127	1562724471134	KO	status.find.is(200), but actually found 400
REQUEST	24		Create user	1562724471127	1562724471134	KO	status.find.is(200), but actually found 400
REQUEST	19		Create user	1562724471137	1562724471142	KO	status.find.is(200), but actually found 400
REQUEST	14		Create user	1562724471147	1562724471152	KO	status.find.is(200), but actually found 400
USER	Create user	9	END	1562724466077	1562724471157
REQUEST	45		Create user	1562724471197	1562724471201	KO	status.find.is(200), but actually found 400
REQUEST	40		Create user	1562724471197	1562724471206	KO	status.find.is(200), but actually found 400
REQUEST	50		Create user	1562724471197	1562724471205	KO	status.find.is(200), but actually found 400
REQUEST	30		Create user	1562724471207	1562724471213	KO	status.find.is(200), but actually found 400
REQUEST	35		Create user	1562724471207	1562724471212	KO	status.find.is(200), but actually found 400
REQUEST	25		Create user	1562724471228	1562724471233	KO	status.find.is(200), but actually found 400
REQUEST	20		Create user	1562724471237	1562724471243	KO	status.find.is(200), but actually found 400
REQUEST	15		Create user	1562724471237	1562724471244	KO	status.find.is(200), but actually found 400
USER	Create user	10	END	1562724466176	1562724471246
REQUEST	41		Create user	1562724471308	1562724471313	KO	status.find.is(200), but actually found 400
REQUEST	46		Create user	1562724471308	1562724471313	KO	status.find.is(200), but actually found 400
REQUEST	36		Create user	1562724471317	1562724471322	KO	status.find.is(200), but actually found 400
REQUEST	31		Create user	1562724471317	1562724471322	KO	status.find.is(200), but actually found 400
REQUEST	26		Create user	1562724471327	1562724471330	KO	status.find.is(200), but actually found 400
REQUEST	21		Create user	1562724471337	1562724471342	KO	status.find.is(200), but actually found 400
USER	Create user	11	END	1562724466277	1562724471357
REQUEST	16		Create user	1562724471358	1562724471363	KO	status.find.is(200), but actually found 400
REQUEST	42		Create user	1562724471407	1562724471413	KO	status.find.is(200), but actually found 400
REQUEST	37		Create user	1562724471407	1562724471413	KO	status.find.is(200), but actually found 400
REQUEST	47		Create user	1562724471407	1562724471414	KO	status.find.is(200), but actually found 400
REQUEST	32		Create user	1562724471427	1562724471431	KO	status.find.is(200), but actually found 400
REQUEST	27		Create user	1562724471438	1562724471448	KO	status.find.is(200), but actually found 400
REQUEST	17		Create user	1562724471438	1562724471448	KO	status.find.is(200), but actually found 400
REQUEST	22		Create user	1562724471438	1562724471448	KO	status.find.is(200), but actually found 400
USER	Create user	12	END	1562724466377	1562724471477
REQUEST	38		Create user	1562724471507	1562724471515	KO	status.find.is(200), but actually found 400
REQUEST	43		Create user	1562724471507	1562724471516	KO	status.find.is(200), but actually found 400
REQUEST	28		Create user	1562724471507	1562724471516	KO	status.find.is(200), but actually found 400
REQUEST	48		Create user	1562724471507	1562724471517	KO	status.find.is(200), but actually found 400
REQUEST	33		Create user	1562724471527	1562724471532	KO	status.find.is(200), but actually found 400
REQUEST	23		Create user	1562724471527	1562724471532	KO	status.find.is(200), but actually found 400
REQUEST	18		Create user	1562724471546	1562724471550	KO	status.find.is(200), but actually found 400
USER	Create user	13	END	1562724466477	1562724471557
REQUEST	49		Create user	1562724471607	1562724471612	KO	status.find.is(200), but actually found 400
REQUEST	34		Create user	1562724471618	1562724471623	KO	status.find.is(200), but actually found 400
REQUEST	39		Create user	1562724471627	1562724471631	KO	status.find.is(200), but actually found 400
REQUEST	29		Create user	1562724471627	1562724471631	KO	status.find.is(200), but actually found 400
REQUEST	44		Create user	1562724471627	1562724471631	KO	status.find.is(200), but actually found 400
REQUEST	24		Create user	1562724471636	1562724471639	KO	status.find.is(200), but actually found 400
REQUEST	19		Create user	1562724471636	1562724471639	KO	status.find.is(200), but actually found 400
USER	Create user	14	END	1562724466576	1562724471648
REQUEST	50		Create user	1562724471697	1562724471700	KO	status.find.is(200), but actually found 400
REQUEST	40		Create user	1562724471707	1562724471712	KO	status.find.is(200), but actually found 400
REQUEST	45		Create user	1562724471707	1562724471712	KO	status.find.is(200), but actually found 400
REQUEST	30		Create user	1562724471717	1562724471724	KO	status.find.is(200), but actually found 400
REQUEST	35		Create user	1562724471717	1562724471725	KO	status.find.is(200), but actually found 400
REQUEST	25		Create user	1562724471728	1562724471734	KO	status.find.is(200), but actually found 400
REQUEST	20		Create user	1562724471736	1562724471740	KO	status.find.is(200), but actually found 400
USER	Create user	15	END	1562724466676	1562724471746
REQUEST	41		Create user	1562724471816	1562724471819	KO	status.find.is(200), but actually found 400
REQUEST	46		Create user	1562724471816	1562724471819	KO	status.find.is(200), but actually found 400
REQUEST	26		Create user	1562724471827	1562724471833	KO	status.find.is(200), but actually found 400
REQUEST	36		Create user	1562724471827	1562724471833	KO	status.find.is(200), but actually found 400
REQUEST	31		Create user	1562724471827	1562724471833	KO	status.find.is(200), but actually found 400
REQUEST	21		Create user	1562724471848	1562724471851	KO	status.find.is(200), but actually found 400
USER	Create user	16	END	1562724466776	1562724471866
REQUEST	42		Create user	1562724471910	1562724471915	KO	status.find.is(200), but actually found 400
REQUEST	37		Create user	1562724471917	1562724471920	KO	status.find.is(200), but actually found 400
REQUEST	47		Create user	1562724471917	1562724471923	KO	status.find.is(200), but actually found 400
REQUEST	32		Create user	1562724471927	1562724471930	KO	status.find.is(200), but actually found 400
USER	Create user	17	END	1562724466876	1562724471947
REQUEST	22		Create user	1562724471948	1562724471950	KO	status.find.is(200), but actually found 400
REQUEST	27		Create user	1562724471948	1562724471951	KO	status.find.is(200), but actually found 400
REQUEST	43		Create user	1562724472017	1562724472022	KO	status.find.is(200), but actually found 400
REQUEST	48		Create user	1562724472017	1562724472022	KO	status.find.is(200), but actually found 400
REQUEST	23		Create user	1562724472027	1562724472034	KO	status.find.is(200), but actually found 400
REQUEST	38		Create user	1562724472027	1562724472034	KO	status.find.is(200), but actually found 400
REQUEST	33		Create user	1562724472027	1562724472034	KO	status.find.is(200), but actually found 400
REQUEST	28		Create user	1562724472027	1562724472035	KO	status.find.is(200), but actually found 400
USER	Create user	18	END	1562724466976	1562724472047
REQUEST	49		Create user	1562724472118	1562724472121	KO	status.find.is(200), but actually found 400
REQUEST	39		Create user	1562724472127	1562724472131	KO	status.find.is(200), but actually found 400
REQUEST	44		Create user	1562724472127	1562724472132	KO	status.find.is(200), but actually found 400
REQUEST	34		Create user	1562724472127	1562724472135	KO	status.find.is(200), but actually found 400
REQUEST	24		Create user	1562724472137	1562724472144	KO	status.find.is(200), but actually found 400
REQUEST	29		Create user	1562724472137	1562724472145	KO	status.find.is(200), but actually found 400
USER	Create user	19	END	1562724467076	1562724472147
REQUEST	45		Create user	1562724472207	1562724472211	KO	status.find.is(200), but actually found 400
REQUEST	50		Create user	1562724472207	1562724472211	KO	status.find.is(200), but actually found 400
REQUEST	40		Create user	1562724472216	1562724472220	KO	status.find.is(200), but actually found 400
REQUEST	30		Create user	1562724472227	1562724472232	KO	status.find.is(200), but actually found 400
USER	Create user	20	END	1562724467176	1562724472237
REQUEST	25		Create user	1562724472237	1562724472244	KO	status.find.is(200), but actually found 400
REQUEST	35		Create user	1562724472237	1562724472243	KO	status.find.is(200), but actually found 400
REQUEST	46		Create user	1562724472317	1562724472329	KO	status.find.is(200), but actually found 400
REQUEST	41		Create user	1562724472327	1562724472332	KO	status.find.is(200), but actually found 400
REQUEST	26		Create user	1562724472337	1562724472345	KO	status.find.is(200), but actually found 400
REQUEST	31		Create user	1562724472337	1562724472345	KO	status.find.is(200), but actually found 400
REQUEST	36		Create user	1562724472337	1562724472345	KO	status.find.is(200), but actually found 400
USER	Create user	21	END	1562724467277	1562724472347
REQUEST	42		Create user	1562724472417	1562724472419	KO	status.find.is(200), but actually found 400
REQUEST	37		Create user	1562724472417	1562724472420	KO	status.find.is(200), but actually found 400
REQUEST	47		Create user	1562724472427	1562724472431	KO	status.find.is(200), but actually found 400
REQUEST	32		Create user	1562724472437	1562724472439	KO	status.find.is(200), but actually found 400
USER	Create user	22	END	1562724467366	1562724472447
REQUEST	27		Create user	1562724472447	1562724472450	KO	status.find.is(200), but actually found 400
REQUEST	43		Create user	1562724472517	1562724472524	KO	status.find.is(200), but actually found 400
REQUEST	48		Create user	1562724472517	1562724472524	KO	status.find.is(200), but actually found 400
REQUEST	38		Create user	1562724472517	1562724472525	KO	status.find.is(200), but actually found 400
USER	Create user	23	END	1562724467467	1562724472527
REQUEST	28		Create user	1562724472527	1562724472534	KO	status.find.is(200), but actually found 400
REQUEST	33		Create user	1562724472527	1562724472534	KO	status.find.is(200), but actually found 400
REQUEST	49		Create user	1562724472617	1562724472620	KO	status.find.is(200), but actually found 400
REQUEST	44		Create user	1562724472627	1562724472630	KO	status.find.is(200), but actually found 400
USER	Create user	24	END	1562724467566	1562724472637
REQUEST	39		Create user	1562724472637	1562724472648	KO	status.find.is(200), but actually found 400
REQUEST	34		Create user	1562724472637	1562724472649	KO	status.find.is(200), but actually found 400
REQUEST	29		Create user	1562724472637	1562724472649	KO	status.find.is(200), but actually found 400
REQUEST	50		Create user	1562724472708	1562724472713	KO	status.find.is(200), but actually found 400
REQUEST	40		Create user	1562724472717	1562724472722	KO	status.find.is(200), but actually found 400
REQUEST	45		Create user	1562724472717	1562724472722	KO	status.find.is(200), but actually found 400
REQUEST	30		Create user	1562724472727	1562724472733	KO	status.find.is(200), but actually found 400
REQUEST	35		Create user	1562724472727	1562724472734	KO	status.find.is(200), but actually found 400
USER	Create user	25	END	1562724467666	1562724472747
REQUEST	41		Create user	1562724472827	1562724472832	KO	status.find.is(200), but actually found 400
REQUEST	46		Create user	1562724472827	1562724472832	KO	status.find.is(200), but actually found 400
REQUEST	36		Create user	1562724472837	1562724472842	KO	status.find.is(200), but actually found 400
REQUEST	31		Create user	1562724472837	1562724472843	KO	status.find.is(200), but actually found 400
USER	Create user	26	END	1562724467767	1562724472846
REQUEST	37		Create user	1562724472927	1562724472933	KO	status.find.is(200), but actually found 400
REQUEST	42		Create user	1562724472927	1562724472934	KO	status.find.is(200), but actually found 400
REQUEST	47		Create user	1562724472927	1562724472934	KO	status.find.is(200), but actually found 400
REQUEST	32		Create user	1562724472937	1562724472940	KO	status.find.is(200), but actually found 400
USER	Create user	27	END	1562724467867	1562724472947
REQUEST	43		Create user	1562724473027	1562724473034	KO	status.find.is(200), but actually found 400
REQUEST	38		Create user	1562724473027	1562724473033	KO	status.find.is(200), but actually found 400
REQUEST	48		Create user	1562724473027	1562724473034	KO	status.find.is(200), but actually found 400
USER	Create user	28	END	1562724467966	1562724473037
REQUEST	33		Create user	1562724473037	1562724473041	KO	status.find.is(200), but actually found 400
REQUEST	49		Create user	1562724473127	1562724473130	KO	status.find.is(200), but actually found 400
REQUEST	44		Create user	1562724473137	1562724473141	KO	status.find.is(200), but actually found 400
REQUEST	39		Create user	1562724473147	1562724473155	KO	status.find.is(200), but actually found 400
REQUEST	34		Create user	1562724473147	1562724473156	KO	status.find.is(200), but actually found 400
USER	Create user	29	END	1562724468067	1562724473156
REQUEST	45		Create user	1562724473217	1562724473222	KO	status.find.is(200), but actually found 400
REQUEST	50		Create user	1562724473217	1562724473222	KO	status.find.is(200), but actually found 400
REQUEST	40		Create user	1562724473227	1562724473230	KO	status.find.is(200), but actually found 400
USER	Create user	30	END	1562724468166	1562724473239
REQUEST	35		Create user	1562724473239	1562724473245	KO	status.find.is(200), but actually found 400
REQUEST	41		Create user	1562724473337	1562724473342	KO	status.find.is(200), but actually found 400
REQUEST	46		Create user	1562724473337	1562724473342	KO	status.find.is(200), but actually found 400
USER	Create user	31	END	1562724468267	1562724473347
REQUEST	36		Create user	1562724473347	1562724473351	KO	status.find.is(200), but actually found 400
REQUEST	37		Create user	1562724473427	1562724473432	KO	status.find.is(200), but actually found 400
REQUEST	42		Create user	1562724473427	1562724473432	KO	status.find.is(200), but actually found 400
USER	Create user	32	END	1562724468367	1562724473437
REQUEST	47		Create user	1562724473437	1562724473441	KO	status.find.is(200), but actually found 400
REQUEST	48		Create user	1562724473527	1562724473531	KO	status.find.is(200), but actually found 400
REQUEST	38		Create user	1562724473537	1562724473542	KO	status.find.is(200), but actually found 400
REQUEST	43		Create user	1562724473537	1562724473543	KO	status.find.is(200), but actually found 400
USER	Create user	33	END	1562724468466	1562724473546
REQUEST	49		Create user	1562724473627	1562724473631	KO	status.find.is(200), but actually found 400
REQUEST	44		Create user	1562724473637	1562724473640	KO	status.find.is(200), but actually found 400
REQUEST	39		Create user	1562724473647	1562724473652	KO	status.find.is(200), but actually found 400
USER	Create user	34	END	1562724468567	1562724473667
REQUEST	50		Create user	1562724473717	1562724473720	KO	status.find.is(200), but actually found 400
REQUEST	45		Create user	1562724473727	1562724473734	KO	status.find.is(200), but actually found 400
REQUEST	40		Create user	1562724473727	1562724473734	KO	status.find.is(200), but actually found 400
USER	Create user	35	END	1562724468666	1562724473757
REQUEST	41		Create user	1562724473837	1562724473842	KO	status.find.is(200), but actually found 400
REQUEST	46		Create user	1562724473837	1562724473842	KO	status.find.is(200), but actually found 400
USER	Create user	36	END	1562724468766	1562724473857
USER	Create user	37	END	1562724468867	1562724473937
REQUEST	47		Create user	1562724473937	1562724473943	KO	status.find.is(200), but actually found 400
REQUEST	42		Create user	1562724473937	1562724473943	KO	status.find.is(200), but actually found 400
REQUEST	43		Create user	1562724474038	1562724474043	KO	status.find.is(200), but actually found 400
REQUEST	48		Create user	1562724474038	1562724474043	KO	status.find.is(200), but actually found 400
USER	Create user	38	END	1562724468967	1562724474047
REQUEST	49		Create user	1562724474126	1562724474130	KO	status.find.is(200), but actually found 400
REQUEST	44		Create user	1562724474137	1562724474141	KO	status.find.is(200), but actually found 400
USER	Create user	39	END	1562724469066	1562724474158
REQUEST	50		Create user	1562724474227	1562724474230	KO	status.find.is(200), but actually found 400
USER	Create user	40	END	1562724469166	1562724474237
REQUEST	45		Create user	1562724474238	1562724474242	KO	status.find.is(200), but actually found 400
USER	Create user	41	END	1562724469267	1562724474347
REQUEST	46		Create user	1562724474347	1562724474350	KO	status.find.is(200), but actually found 400
USER	Create user	42	END	1562724469366	1562724474437
REQUEST	47		Create user	1562724474447	1562724474450	KO	status.find.is(200), but actually found 400
REQUEST	48		Create user	1562724474537	1562724474541	KO	status.find.is(200), but actually found 400
USER	Create user	43	END	1562724469466	1562724474547
REQUEST	49		Create user	1562724474638	1562724474641	KO	status.find.is(200), but actually found 400
USER	Create user	44	END	1562724469567	1562724474647
REQUEST	50		Create user	1562724474727	1562724474730	KO	status.find.is(200), but actually found 400
USER	Create user	45	END	1562724469667	1562724474737
USER	Create user	46	END	1562724469766	1562724474856
USER	Create user	47	END	1562724469867	1562724474946
USER	Create user	48	END	1562724469967	1562724475047
USER	Create user	49	END	1562724470066	1562724475137
USER	Create user	50	END	1562724470167	1562724475237
